2015-07-27 08:58:59 [192.168.200.1][-][-][error][yii\base\UnknownClassException] exception 'yii\base\UnknownClassException' with message 'Unable to find 'app\controllers\IndexController' in file: /home/web_root/social-open/back/controllers/IndexController.php. Namespace missing?' in /home/web_root/social-open/vendor/yiisoft/yii2/BaseYii.php:291
Stack trace:
#0 [internal function]: yii\BaseYii::autoload('app\\controllers...')
#1 [internal function]: spl_autoload_call('app\\controllers...')
#2 /home/web_root/social-open/vendor/yiisoft/yii2/base/Module.php(563): class_exists('app\\controllers...')
#3 /home/web_root/social-open/vendor/yiisoft/yii2/base/Module.php(521): yii\base\Module->createControllerByID('index')
#4 /home/web_root/social-open/vendor/yiisoft/yii2/base/Module.php(449): yii\base\Module->createController('')
#5 /home/web_root/social-open/vendor/yiisoft/yii2/web/Application.php(84): yii\base\Module->runAction('', Array)
#6 /home/web_root/social-open/vendor/yiisoft/yii2/base/Application.php(375): yii\web\Application->handleRequest(Object(yii\web\Request))
#7 /home/web_root/social-open/web/back.php(16): yii\base\Application->run()
#8 {main}
2015-07-27 08:58:59 [192.168.200.1][-][-][info][application] $_SERVER = [
    'MALLOC_CHECK_' => '2'
    'MACHTYPE' => ''
    'OSTYPE' => ''
    'TEMP' => '/tmp'
    'TMPDIR' => '/tmp'
    'TMP' => '/tmp'
    'PATH' => '/usr/local/bin:/usr/bin:/bin'
    'HOSTNAME' => ''
    'USER' => 'nobody'
    'HOME' => '/'
    'FCGI_ROLE' => 'RESPONDER'
    'SCRIPT_FILENAME' => '/home/web_root/social-open/web//back.php'
    'QUERY_STRING' => ''
    'REQUEST_METHOD' => 'GET'
    'CONTENT_TYPE' => ''
    'CONTENT_LENGTH' => ''
    'SCRIPT_NAME' => '/back.php'
    'REQUEST_URI' => '/back.php'
    'DOCUMENT_URI' => '/back.php'
    'DOCUMENT_ROOT' => '/home/web_root/social-open/web'
    'SERVER_PROTOCOL' => 'HTTP/1.1'
    'GATEWAY_INTERFACE' => 'CGI/1.1'
    'SERVER_SOFTWARE' => 'nginx/1.8.0'
    'REMOTE_ADDR' => '192.168.200.1'
    'REMOTE_PORT' => '63757'
    'SERVER_ADDR' => '192.168.200.128'
    'SERVER_PORT' => '80'
    'SERVER_NAME' => 'social.open.com'
    'REDIRECT_STATUS' => '200'
    'HTTP_HOST' => 'social.open.com'
    'HTTP_USER_AGENT' => 'Mozilla/5.0 (Windows NT 6.1; WOW64; rv:39.0) Gecko/20100101 Firefox/39.0'
    'HTTP_ACCEPT' => 'text/html,application/xhtml+xml,application/xml;q=0.9,*/*;q=0.8'
    'HTTP_ACCEPT_LANGUAGE' => 'zh-CN,zh;q=0.8,en-US;q=0.5,en;q=0.3'
    'HTTP_ACCEPT_ENCODING' => 'gzip, deflate'
    'HTTP_CONNECTION' => 'keep-alive'
    'PHP_SELF' => '/back.php'
    'REQUEST_TIME_FLOAT' => 1437987539.297
    'REQUEST_TIME' => 1437987539
    'argv' => []
    'argc' => 0
]
2015-07-27 10:20:56 [192.168.200.1][-][-][error][yii\web\HttpException:400] exception 'yii\web\BadRequestHttpException' with message 'Unable to verify your data submission.' in /home/web_root/social-open/vendor/yiisoft/yii2/web/Controller.php:110
Stack trace:
#0 /home/web_root/social-open/vendor/yiisoft/yii2/base/Controller.php(149): yii\web\Controller->beforeAction(Object(yii\base\InlineAction))
#1 /home/web_root/social-open/vendor/yiisoft/yii2/base/Module.php(455): yii\base\Controller->runAction('list', Array)
#2 /home/web_root/social-open/vendor/yiisoft/yii2/web/Application.php(84): yii\base\Module->runAction('apply/list', Array)
#3 /home/web_root/social-open/vendor/yiisoft/yii2/base/Application.php(375): yii\web\Application->handleRequest(Object(yii\web\Request))
#4 /home/web_root/social-open/web/back.php(16): yii\base\Application->run()
#5 {main}
2015-07-27 10:20:55 [192.168.200.1][-][-][info][application] $_POST = [
    'page' => '1'
    'rows' => '10'
]

$_SERVER = [
    'MALLOC_CHECK_' => '2'
    'MACHTYPE' => ''
    'OSTYPE' => ''
    'TEMP' => '/tmp'
    'TMPDIR' => '/tmp'
    'TMP' => '/tmp'
    'PATH' => '/usr/local/bin:/usr/bin:/bin'
    'HOSTNAME' => ''
    'USER' => 'nobody'
    'HOME' => '/'
    'FCGI_ROLE' => 'RESPONDER'
    'SCRIPT_FILENAME' => '/home/web_root/social-open/web//back.php'
    'QUERY_STRING' => ''
    'REQUEST_METHOD' => 'POST'
    'CONTENT_TYPE' => 'application/x-www-form-urlencoded; charset=UTF-8'
    'CONTENT_LENGTH' => '14'
    'SCRIPT_NAME' => '/back.php'
    'REQUEST_URI' => '/back.php/apply/list?ajax=1'
    'DOCUMENT_URI' => '/back.php'
    'DOCUMENT_ROOT' => '/home/web_root/social-open/web'
    'SERVER_PROTOCOL' => 'HTTP/1.1'
    'GATEWAY_INTERFACE' => 'CGI/1.1'
    'SERVER_SOFTWARE' => 'nginx/1.8.0'
    'REMOTE_ADDR' => '192.168.200.1'
    'REMOTE_PORT' => '64592'
    'SERVER_ADDR' => '192.168.200.128'
    'SERVER_PORT' => '80'
    'SERVER_NAME' => 'social.open.com'
    'REDIRECT_STATUS' => '200'
    'HTTP_HOST' => 'social.open.com'
    'HTTP_USER_AGENT' => 'Mozilla/5.0 (Windows NT 6.1; WOW64; rv:39.0) Gecko/20100101 Firefox/39.0'
    'HTTP_ACCEPT' => 'application/json, text/javascript, */*; q=0.01'
    'HTTP_ACCEPT_LANGUAGE' => 'zh-CN,zh;q=0.8,en-US;q=0.5,en;q=0.3'
    'HTTP_ACCEPT_ENCODING' => 'gzip, deflate'
    'HTTP_CONTENT_TYPE' => 'application/x-www-form-urlencoded; charset=UTF-8'
    'HTTP_X_REQUESTED_WITH' => 'XMLHttpRequest'
    'HTTP_REFERER' => 'http://social.open.com/back.php/'
    'HTTP_CONTENT_LENGTH' => '14'
    'HTTP_CONNECTION' => 'keep-alive'
    'HTTP_PRAGMA' => 'no-cache'
    'HTTP_CACHE_CONTROL' => 'no-cache'
    'PHP_SELF' => '/back.php'
    'REQUEST_TIME_FLOAT' => 1437992455.9346
    'REQUEST_TIME' => 1437992455
    'argv' => []
    'argc' => 0
]
2015-07-27 10:21:44 [192.168.200.1][-][-][error][yii\web\HttpException:400] exception 'yii\web\BadRequestHttpException' with message 'Unable to verify your data submission.' in /home/web_root/social-open/vendor/yiisoft/yii2/web/Controller.php:110
Stack trace:
#0 /home/web_root/social-open/vendor/yiisoft/yii2/base/Controller.php(149): yii\web\Controller->beforeAction(Object(yii\base\InlineAction))
#1 /home/web_root/social-open/vendor/yiisoft/yii2/base/Module.php(455): yii\base\Controller->runAction('list', Array)
#2 /home/web_root/social-open/vendor/yiisoft/yii2/web/Application.php(84): yii\base\Module->runAction('apply/list', Array)
#3 /home/web_root/social-open/vendor/yiisoft/yii2/base/Application.php(375): yii\web\Application->handleRequest(Object(yii\web\Request))
#4 /home/web_root/social-open/web/back.php(16): yii\base\Application->run()
#5 {main}
2015-07-27 10:21:44 [192.168.200.1][-][-][info][application] $_POST = [
    'page' => '1'
    'rows' => '10'
]

$_SERVER = [
    'MALLOC_CHECK_' => '2'
    'MACHTYPE' => ''
    'OSTYPE' => ''
    'TEMP' => '/tmp'
    'TMPDIR' => '/tmp'
    'TMP' => '/tmp'
    'PATH' => '/usr/local/bin:/usr/bin:/bin'
    'HOSTNAME' => ''
    'USER' => 'nobody'
    'HOME' => '/'
    'FCGI_ROLE' => 'RESPONDER'
    'SCRIPT_FILENAME' => '/home/web_root/social-open/web//back.php'
    'QUERY_STRING' => ''
    'REQUEST_METHOD' => 'POST'
    'CONTENT_TYPE' => 'application/x-www-form-urlencoded; charset=UTF-8'
    'CONTENT_LENGTH' => '14'
    'SCRIPT_NAME' => '/back.php'
    'REQUEST_URI' => '/back.php/apply/list?ajax=1'
    'DOCUMENT_URI' => '/back.php'
    'DOCUMENT_ROOT' => '/home/web_root/social-open/web'
    'SERVER_PROTOCOL' => 'HTTP/1.1'
    'GATEWAY_INTERFACE' => 'CGI/1.1'
    'SERVER_SOFTWARE' => 'nginx/1.8.0'
    'REMOTE_ADDR' => '192.168.200.1'
    'REMOTE_PORT' => '64592'
    'SERVER_ADDR' => '192.168.200.128'
    'SERVER_PORT' => '80'
    'SERVER_NAME' => 'social.open.com'
    'REDIRECT_STATUS' => '200'
    'HTTP_HOST' => 'social.open.com'
    'HTTP_USER_AGENT' => 'Mozilla/5.0 (Windows NT 6.1; WOW64; rv:39.0) Gecko/20100101 Firefox/39.0'
    'HTTP_ACCEPT' => 'application/json, text/javascript, */*; q=0.01'
    'HTTP_ACCEPT_LANGUAGE' => 'zh-CN,zh;q=0.8,en-US;q=0.5,en;q=0.3'
    'HTTP_ACCEPT_ENCODING' => 'gzip, deflate'
    'HTTP_CONTENT_TYPE' => 'application/x-www-form-urlencoded; charset=UTF-8'
    'HTTP_X_REQUESTED_WITH' => 'XMLHttpRequest'
    'HTTP_REFERER' => 'http://social.open.com/back.php'
    'HTTP_CONTENT_LENGTH' => '14'
    'HTTP_CONNECTION' => 'keep-alive'
    'HTTP_PRAGMA' => 'no-cache'
    'HTTP_CACHE_CONTROL' => 'no-cache'
    'PHP_SELF' => '/back.php'
    'REQUEST_TIME_FLOAT' => 1437992504.9504
    'REQUEST_TIME' => 1437992504
    'argv' => []
    'argc' => 0
]
2015-07-27 10:21:54 [192.168.200.1][-][-][error][yii\web\HttpException:400] exception 'yii\web\BadRequestHttpException' with message 'Unable to verify your data submission.' in /home/web_root/social-open/vendor/yiisoft/yii2/web/Controller.php:110
Stack trace:
#0 /home/web_root/social-open/vendor/yiisoft/yii2/base/Controller.php(149): yii\web\Controller->beforeAction(Object(yii\base\InlineAction))
#1 /home/web_root/social-open/vendor/yiisoft/yii2/base/Module.php(455): yii\base\Controller->runAction('list', Array)
#2 /home/web_root/social-open/vendor/yiisoft/yii2/web/Application.php(84): yii\base\Module->runAction('apply/list', Array)
#3 /home/web_root/social-open/vendor/yiisoft/yii2/base/Application.php(375): yii\web\Application->handleRequest(Object(yii\web\Request))
#4 /home/web_root/social-open/web/back.php(16): yii\base\Application->run()
#5 {main}
2015-07-27 10:21:54 [192.168.200.1][-][-][info][application] $_POST = [
    'page' => '1'
    'rows' => '10'
]

$_SERVER = [
    'MALLOC_CHECK_' => '2'
    'MACHTYPE' => ''
    'OSTYPE' => ''
    'TEMP' => '/tmp'
    'TMPDIR' => '/tmp'
    'TMP' => '/tmp'
    'PATH' => '/usr/local/bin:/usr/bin:/bin'
    'HOSTNAME' => ''
    'USER' => 'nobody'
    'HOME' => '/'
    'FCGI_ROLE' => 'RESPONDER'
    'SCRIPT_FILENAME' => '/home/web_root/social-open/web//back.php'
    'QUERY_STRING' => ''
    'REQUEST_METHOD' => 'POST'
    'CONTENT_TYPE' => 'application/x-www-form-urlencoded; charset=UTF-8'
    'CONTENT_LENGTH' => '14'
    'SCRIPT_NAME' => '/back.php'
    'REQUEST_URI' => '/back.php/apply/list?ajax=1'
    'DOCUMENT_URI' => '/back.php'
    'DOCUMENT_ROOT' => '/home/web_root/social-open/web'
    'SERVER_PROTOCOL' => 'HTTP/1.1'
    'GATEWAY_INTERFACE' => 'CGI/1.1'
    'SERVER_SOFTWARE' => 'nginx/1.8.0'
    'REMOTE_ADDR' => '192.168.200.1'
    'REMOTE_PORT' => '64701'
    'SERVER_ADDR' => '192.168.200.128'
    'SERVER_PORT' => '80'
    'SERVER_NAME' => 'social.open.com'
    'REDIRECT_STATUS' => '200'
    'HTTP_HOST' => 'social.open.com'
    'HTTP_USER_AGENT' => 'Mozilla/5.0 (Windows NT 6.1; WOW64; rv:39.0) Gecko/20100101 Firefox/39.0'
    'HTTP_ACCEPT' => 'application/json, text/javascript, */*; q=0.01'
    'HTTP_ACCEPT_LANGUAGE' => 'zh-CN,zh;q=0.8,en-US;q=0.5,en;q=0.3'
    'HTTP_ACCEPT_ENCODING' => 'gzip, deflate'
    'HTTP_CONTENT_TYPE' => 'application/x-www-form-urlencoded; charset=UTF-8'
    'HTTP_X_REQUESTED_WITH' => 'XMLHttpRequest'
    'HTTP_REFERER' => 'http://social.open.com/back.php'
    'HTTP_CONTENT_LENGTH' => '14'
    'HTTP_CONNECTION' => 'keep-alive'
    'HTTP_PRAGMA' => 'no-cache'
    'HTTP_CACHE_CONTROL' => 'no-cache'
    'PHP_SELF' => '/back.php'
    'REQUEST_TIME_FLOAT' => 1437992514.6621
    'REQUEST_TIME' => 1437992514
    'argv' => []
    'argc' => 0
]
2015-07-27 10:34:11 [192.168.200.1][-][-][error][yii\base\ErrorException:2] exception 'yii\base\ErrorException' with message 'implode(): Invalid arguments passed' in /home/web_root/social-open/back/models/Api_apply.php:20
Stack trace:
#0 [internal function]: yii\base\ErrorHandler->handleError(2, 'implode(): Inva...', '/home/web_root/...', 20, Array)
#1 /home/web_root/social-open/back/models/Api_apply.php(20): implode(' and ', NULL)
#2 /home/web_root/social-open/back/controllers/ApplyController.php(22): app\models\Api_apply->get_list(Array, '1', '10')
#3 [internal function]: app\controllers\ApplyController->actionList()
#4 /home/web_root/social-open/vendor/yiisoft/yii2/base/InlineAction.php(55): call_user_func_array(Array, Array)
#5 /home/web_root/social-open/vendor/yiisoft/yii2/base/Controller.php(151): yii\base\InlineAction->runWithParams(Array)
#6 /home/web_root/social-open/vendor/yiisoft/yii2/base/Module.php(455): yii\base\Controller->runAction('list', Array)
#7 /home/web_root/social-open/vendor/yiisoft/yii2/web/Application.php(84): yii\base\Module->runAction('apply/list', Array)
#8 /home/web_root/social-open/vendor/yiisoft/yii2/base/Application.php(375): yii\web\Application->handleRequest(Object(yii\web\Request))
#9 /home/web_root/social-open/web/back.php(16): yii\base\Application->run()
#10 {main}
2015-07-27 10:34:11 [192.168.200.1][-][-][info][application] $_GET = [
    'ajax' => '1'
]

$_POST = [
    'page' => '1'
    'rows' => '10'
]

$_SERVER = [
    'MALLOC_CHECK_' => '2'
    'MACHTYPE' => ''
    'OSTYPE' => ''
    'TEMP' => '/tmp'
    'TMPDIR' => '/tmp'
    'TMP' => '/tmp'
    'PATH' => '/usr/local/bin:/usr/bin:/bin'
    'HOSTNAME' => ''
    'USER' => 'nobody'
    'HOME' => '/'
    'FCGI_ROLE' => 'RESPONDER'
    'SCRIPT_FILENAME' => '/home/web_root/social-open/web//back.php'
    'QUERY_STRING' => 'ajax=1'
    'REQUEST_METHOD' => 'POST'
    'CONTENT_TYPE' => 'application/x-www-form-urlencoded; charset=UTF-8'
    'CONTENT_LENGTH' => '14'
    'SCRIPT_NAME' => '/back.php'
    'REQUEST_URI' => '/back.php/apply/list?ajax=1'
    'DOCUMENT_URI' => '/back.php'
    'DOCUMENT_ROOT' => '/home/web_root/social-open/web'
    'SERVER_PROTOCOL' => 'HTTP/1.1'
    'GATEWAY_INTERFACE' => 'CGI/1.1'
    'SERVER_SOFTWARE' => 'nginx/1.8.0'
    'REMOTE_ADDR' => '192.168.200.1'
    'REMOTE_PORT' => '64994'
    'SERVER_ADDR' => '192.168.200.128'
    'SERVER_PORT' => '80'
    'SERVER_NAME' => 'social.open.com'
    'REDIRECT_STATUS' => '200'
    'HTTP_HOST' => 'social.open.com'
    'HTTP_USER_AGENT' => 'Mozilla/5.0 (Windows NT 6.1; WOW64; rv:39.0) Gecko/20100101 Firefox/39.0'
    'HTTP_ACCEPT' => 'application/json, text/javascript, */*; q=0.01'
    'HTTP_ACCEPT_LANGUAGE' => 'zh-CN,zh;q=0.8,en-US;q=0.5,en;q=0.3'
    'HTTP_ACCEPT_ENCODING' => 'gzip, deflate'
    'HTTP_CONTENT_TYPE' => 'application/x-www-form-urlencoded; charset=UTF-8'
    'HTTP_X_REQUESTED_WITH' => 'XMLHttpRequest'
    'HTTP_REFERER' => 'http://social.open.com/back.php'
    'HTTP_CONTENT_LENGTH' => '14'
    'HTTP_CONNECTION' => 'keep-alive'
    'HTTP_PRAGMA' => 'no-cache'
    'HTTP_CACHE_CONTROL' => 'no-cache'
    'PHP_SELF' => '/back.php'
    'REQUEST_TIME_FLOAT' => 1437993251.8673
    'REQUEST_TIME' => 1437993251
    'argv' => [
        0 => 'ajax=1'
    ]
    'argc' => 1
]
2015-07-27 11:55:58 [192.168.200.1][-][-][error][yii\base\ErrorException:1] exception 'yii\base\ErrorException' with message 'Class 'app\models\common\Yii' not found' in /home/web_root/social-open/back/models/common/set_is_agree.php:8
Stack trace:
#0 [internal function]: yii\base\ErrorHandler->handleFatalError()
#1 {main}
2015-07-27 11:55:58 [192.168.200.1][-][-][info][application] $_GET = [
    'ajax' => '1'
]

$_POST = [
    'page' => '1'
    'rows' => '10'
]

$_SERVER = [
    'MALLOC_CHECK_' => '2'
    'MACHTYPE' => ''
    'OSTYPE' => ''
    'TEMP' => '/tmp'
    'TMPDIR' => '/tmp'
    'TMP' => '/tmp'
    'PATH' => '/usr/local/bin:/usr/bin:/bin'
    'HOSTNAME' => ''
    'USER' => 'nobody'
    'HOME' => '/'
    'FCGI_ROLE' => 'RESPONDER'
    'SCRIPT_FILENAME' => '/home/web_root/social-open/web//back.php'
    'QUERY_STRING' => 'ajax=1'
    'REQUEST_METHOD' => 'POST'
    'CONTENT_TYPE' => 'application/x-www-form-urlencoded; charset=UTF-8'
    'CONTENT_LENGTH' => '14'
    'SCRIPT_NAME' => '/back.php'
    'REQUEST_URI' => '/back.php/apply/list?ajax=1'
    'DOCUMENT_URI' => '/back.php'
    'DOCUMENT_ROOT' => '/home/web_root/social-open/web'
    'SERVER_PROTOCOL' => 'HTTP/1.1'
    'GATEWAY_INTERFACE' => 'CGI/1.1'
    'SERVER_SOFTWARE' => 'nginx/1.8.0'
    'REMOTE_ADDR' => '192.168.200.1'
    'REMOTE_PORT' => '50833'
    'SERVER_ADDR' => '192.168.200.128'
    'SERVER_PORT' => '80'
    'SERVER_NAME' => 'social.open.com'
    'REDIRECT_STATUS' => '200'
    'HTTP_HOST' => 'social.open.com'
    'HTTP_USER_AGENT' => 'Mozilla/5.0 (Windows NT 6.1; WOW64; rv:39.0) Gecko/20100101 Firefox/39.0'
    'HTTP_ACCEPT' => 'application/json, text/javascript, */*; q=0.01'
    'HTTP_ACCEPT_LANGUAGE' => 'zh-CN,zh;q=0.8,en-US;q=0.5,en;q=0.3'
    'HTTP_ACCEPT_ENCODING' => 'gzip, deflate'
    'HTTP_CONTENT_TYPE' => 'application/x-www-form-urlencoded; charset=UTF-8'
    'HTTP_X_REQUESTED_WITH' => 'XMLHttpRequest'
    'HTTP_REFERER' => 'http://social.open.com/back.php'
    'HTTP_CONTENT_LENGTH' => '14'
    'HTTP_CONNECTION' => 'keep-alive'
    'HTTP_PRAGMA' => 'no-cache'
    'HTTP_CACHE_CONTROL' => 'no-cache'
    'PHP_SELF' => '/back.php'
    'REQUEST_TIME_FLOAT' => 1437998158.2959
    'REQUEST_TIME' => 1437998158
    'argv' => [
        0 => 'ajax=1'
    ]
    'argc' => 1
]
2015-07-27 11:56:02 [192.168.200.1][-][-][error][yii\base\ErrorException:1] exception 'yii\base\ErrorException' with message 'Class 'app\models\common\Yii' not found' in /home/web_root/social-open/back/models/common/set_is_agree.php:8
Stack trace:
#0 [internal function]: yii\base\ErrorHandler->handleFatalError()
#1 {main}
2015-07-27 11:56:02 [192.168.200.1][-][-][info][application] $_GET = [
    'ajax' => '1'
]

$_POST = [
    'page' => '1'
    'rows' => '10'
]

$_SERVER = [
    'MALLOC_CHECK_' => '2'
    'MACHTYPE' => ''
    'OSTYPE' => ''
    'TEMP' => '/tmp'
    'TMPDIR' => '/tmp'
    'TMP' => '/tmp'
    'PATH' => '/usr/local/bin:/usr/bin:/bin'
    'HOSTNAME' => ''
    'USER' => 'nobody'
    'HOME' => '/'
    'FCGI_ROLE' => 'RESPONDER'
    'SCRIPT_FILENAME' => '/home/web_root/social-open/web//back.php'
    'QUERY_STRING' => 'ajax=1'
    'REQUEST_METHOD' => 'POST'
    'CONTENT_TYPE' => 'application/x-www-form-urlencoded; charset=UTF-8'
    'CONTENT_LENGTH' => '14'
    'SCRIPT_NAME' => '/back.php'
    'REQUEST_URI' => '/back.php/apply/list?ajax=1'
    'DOCUMENT_URI' => '/back.php'
    'DOCUMENT_ROOT' => '/home/web_root/social-open/web'
    'SERVER_PROTOCOL' => 'HTTP/1.1'
    'GATEWAY_INTERFACE' => 'CGI/1.1'
    'SERVER_SOFTWARE' => 'nginx/1.8.0'
    'REMOTE_ADDR' => '192.168.200.1'
    'REMOTE_PORT' => '50833'
    'SERVER_ADDR' => '192.168.200.128'
    'SERVER_PORT' => '80'
    'SERVER_NAME' => 'social.open.com'
    'REDIRECT_STATUS' => '200'
    'HTTP_HOST' => 'social.open.com'
    'HTTP_USER_AGENT' => 'Mozilla/5.0 (Windows NT 6.1; WOW64; rv:39.0) Gecko/20100101 Firefox/39.0'
    'HTTP_ACCEPT' => 'application/json, text/javascript, */*; q=0.01'
    'HTTP_ACCEPT_LANGUAGE' => 'zh-CN,zh;q=0.8,en-US;q=0.5,en;q=0.3'
    'HTTP_ACCEPT_ENCODING' => 'gzip, deflate'
    'HTTP_CONTENT_TYPE' => 'application/x-www-form-urlencoded; charset=UTF-8'
    'HTTP_X_REQUESTED_WITH' => 'XMLHttpRequest'
    'HTTP_REFERER' => 'http://social.open.com/back.php'
    'HTTP_CONTENT_LENGTH' => '14'
    'HTTP_CONNECTION' => 'keep-alive'
    'HTTP_PRAGMA' => 'no-cache'
    'HTTP_CACHE_CONTROL' => 'no-cache'
    'PHP_SELF' => '/back.php'
    'REQUEST_TIME_FLOAT' => 1437998162.1323
    'REQUEST_TIME' => 1437998162
    'argv' => [
        0 => 'ajax=1'
    ]
    'argc' => 1
]
2015-07-27 11:56:43 [192.168.200.1][-][-][error][yii\base\ErrorException:1] exception 'yii\base\ErrorException' with message 'Class 'app\models\common\Yii' not found' in /home/web_root/social-open/back/models/common/set_is_agree.php:8
Stack trace:
#0 [internal function]: yii\base\ErrorHandler->handleFatalError()
#1 {main}
2015-07-27 11:56:43 [192.168.200.1][-][-][info][application] $_GET = [
    'ajax' => '1'
]

$_POST = [
    'page' => '1'
    'rows' => '10'
]

$_SERVER = [
    'MALLOC_CHECK_' => '2'
    'MACHTYPE' => ''
    'OSTYPE' => ''
    'TEMP' => '/tmp'
    'TMPDIR' => '/tmp'
    'TMP' => '/tmp'
    'PATH' => '/usr/local/bin:/usr/bin:/bin'
    'HOSTNAME' => ''
    'USER' => 'nobody'
    'HOME' => '/'
    'FCGI_ROLE' => 'RESPONDER'
    'SCRIPT_FILENAME' => '/home/web_root/social-open/web//back.php'
    'QUERY_STRING' => 'ajax=1'
    'REQUEST_METHOD' => 'POST'
    'CONTENT_TYPE' => 'application/x-www-form-urlencoded; charset=UTF-8'
    'CONTENT_LENGTH' => '14'
    'SCRIPT_NAME' => '/back.php'
    'REQUEST_URI' => '/back.php/apply/list?ajax=1'
    'DOCUMENT_URI' => '/back.php'
    'DOCUMENT_ROOT' => '/home/web_root/social-open/web'
    'SERVER_PROTOCOL' => 'HTTP/1.1'
    'GATEWAY_INTERFACE' => 'CGI/1.1'
    'SERVER_SOFTWARE' => 'nginx/1.8.0'
    'REMOTE_ADDR' => '192.168.200.1'
    'REMOTE_PORT' => '50833'
    'SERVER_ADDR' => '192.168.200.128'
    'SERVER_PORT' => '80'
    'SERVER_NAME' => 'social.open.com'
    'REDIRECT_STATUS' => '200'
    'HTTP_HOST' => 'social.open.com'
    'HTTP_USER_AGENT' => 'Mozilla/5.0 (Windows NT 6.1; WOW64; rv:39.0) Gecko/20100101 Firefox/39.0'
    'HTTP_ACCEPT' => 'application/json, text/javascript, */*; q=0.01'
    'HTTP_ACCEPT_LANGUAGE' => 'zh-CN,zh;q=0.8,en-US;q=0.5,en;q=0.3'
    'HTTP_ACCEPT_ENCODING' => 'gzip, deflate'
    'HTTP_CONTENT_TYPE' => 'application/x-www-form-urlencoded; charset=UTF-8'
    'HTTP_X_REQUESTED_WITH' => 'XMLHttpRequest'
    'HTTP_REFERER' => 'http://social.open.com/back.php'
    'HTTP_CONTENT_LENGTH' => '14'
    'HTTP_CONNECTION' => 'keep-alive'
    'HTTP_PRAGMA' => 'no-cache'
    'HTTP_CACHE_CONTROL' => 'no-cache'
    'PHP_SELF' => '/back.php'
    'REQUEST_TIME_FLOAT' => 1437998203.3883
    'REQUEST_TIME' => 1437998203
    'argv' => [
        0 => 'ajax=1'
    ]
    'argc' => 1
]
2015-07-27 12:10:12 [192.168.200.1][-][-][error][yii\base\ErrorException:1] exception 'yii\base\ErrorException' with message 'Class 'app\models\PDO' not found' in /home/web_root/social-open/back/models/Api_apply.php:44
Stack trace:
#0 [internal function]: yii\base\ErrorHandler->handleFatalError()
#1 {main}
2015-07-27 12:10:12 [192.168.200.1][-][-][info][application] $_GET = [
    'id' => '2'
    'status' => '1'
]

$_SERVER = [
    'MALLOC_CHECK_' => '2'
    'MACHTYPE' => ''
    'OSTYPE' => ''
    'TEMP' => '/tmp'
    'TMPDIR' => '/tmp'
    'TMP' => '/tmp'
    'PATH' => '/usr/local/bin:/usr/bin:/bin'
    'HOSTNAME' => ''
    'USER' => 'nobody'
    'HOME' => '/'
    'FCGI_ROLE' => 'RESPONDER'
    'SCRIPT_FILENAME' => '/home/web_root/social-open/web//back.php'
    'QUERY_STRING' => 'id=2&status=1'
    'REQUEST_METHOD' => 'GET'
    'CONTENT_TYPE' => ''
    'CONTENT_LENGTH' => ''
    'SCRIPT_NAME' => '/back.php'
    'REQUEST_URI' => '/back.php/apply/agree?id=2&status=1'
    'DOCUMENT_URI' => '/back.php'
    'DOCUMENT_ROOT' => '/home/web_root/social-open/web'
    'SERVER_PROTOCOL' => 'HTTP/1.1'
    'GATEWAY_INTERFACE' => 'CGI/1.1'
    'SERVER_SOFTWARE' => 'nginx/1.8.0'
    'REMOTE_ADDR' => '192.168.200.1'
    'REMOTE_PORT' => '50951'
    'SERVER_ADDR' => '192.168.200.128'
    'SERVER_PORT' => '80'
    'SERVER_NAME' => 'social.open.com'
    'REDIRECT_STATUS' => '200'
    'HTTP_HOST' => 'social.open.com'
    'HTTP_USER_AGENT' => 'Mozilla/5.0 (Windows NT 6.1; WOW64; rv:39.0) Gecko/20100101 Firefox/39.0'
    'HTTP_ACCEPT' => 'application/json, text/javascript, */*; q=0.01'
    'HTTP_ACCEPT_LANGUAGE' => 'zh-CN,zh;q=0.8,en-US;q=0.5,en;q=0.3'
    'HTTP_ACCEPT_ENCODING' => 'gzip, deflate'
    'HTTP_X_REQUESTED_WITH' => 'XMLHttpRequest'
    'HTTP_REFERER' => 'http://social.open.com/back.php'
    'HTTP_CONNECTION' => 'keep-alive'
    'PHP_SELF' => '/back.php'
    'REQUEST_TIME_FLOAT' => 1437999012.8984
    'REQUEST_TIME' => 1437999012
    'argv' => [
        0 => 'id=2&status=1'
    ]
    'argc' => 1
]
2015-07-27 12:10:16 [192.168.200.1][-][-][error][yii\base\ErrorException:1] exception 'yii\base\ErrorException' with message 'Class 'app\models\PDO' not found' in /home/web_root/social-open/back/models/Api_apply.php:44
Stack trace:
#0 [internal function]: yii\base\ErrorHandler->handleFatalError()
#1 {main}
2015-07-27 12:10:16 [192.168.200.1][-][-][info][application] $_GET = [
    'id' => '1'
    'status' => '1'
]

$_SERVER = [
    'MALLOC_CHECK_' => '2'
    'MACHTYPE' => ''
    'OSTYPE' => ''
    'TEMP' => '/tmp'
    'TMPDIR' => '/tmp'
    'TMP' => '/tmp'
    'PATH' => '/usr/local/bin:/usr/bin:/bin'
    'HOSTNAME' => ''
    'USER' => 'nobody'
    'HOME' => '/'
    'FCGI_ROLE' => 'RESPONDER'
    'SCRIPT_FILENAME' => '/home/web_root/social-open/web//back.php'
    'QUERY_STRING' => 'id=1&status=1'
    'REQUEST_METHOD' => 'GET'
    'CONTENT_TYPE' => ''
    'CONTENT_LENGTH' => ''
    'SCRIPT_NAME' => '/back.php'
    'REQUEST_URI' => '/back.php/apply/agree?id=1&status=1'
    'DOCUMENT_URI' => '/back.php'
    'DOCUMENT_ROOT' => '/home/web_root/social-open/web'
    'SERVER_PROTOCOL' => 'HTTP/1.1'
    'GATEWAY_INTERFACE' => 'CGI/1.1'
    'SERVER_SOFTWARE' => 'nginx/1.8.0'
    'REMOTE_ADDR' => '192.168.200.1'
    'REMOTE_PORT' => '50951'
    'SERVER_ADDR' => '192.168.200.128'
    'SERVER_PORT' => '80'
    'SERVER_NAME' => 'social.open.com'
    'REDIRECT_STATUS' => '200'
    'HTTP_HOST' => 'social.open.com'
    'HTTP_USER_AGENT' => 'Mozilla/5.0 (Windows NT 6.1; WOW64; rv:39.0) Gecko/20100101 Firefox/39.0'
    'HTTP_ACCEPT' => 'application/json, text/javascript, */*; q=0.01'
    'HTTP_ACCEPT_LANGUAGE' => 'zh-CN,zh;q=0.8,en-US;q=0.5,en;q=0.3'
    'HTTP_ACCEPT_ENCODING' => 'gzip, deflate'
    'HTTP_X_REQUESTED_WITH' => 'XMLHttpRequest'
    'HTTP_REFERER' => 'http://social.open.com/back.php'
    'HTTP_CONNECTION' => 'keep-alive'
    'PHP_SELF' => '/back.php'
    'REQUEST_TIME_FLOAT' => 1437999016.5259
    'REQUEST_TIME' => 1437999016
    'argv' => [
        0 => 'id=1&status=1'
    ]
    'argc' => 1
]
2015-07-28 03:10:50 [192.168.200.1][-][-][error][yii\web\HttpException:404] exception 'yii\base\InvalidRouteException' with message 'Unable to resolve the request "secret".' in /home/web_root/social-open/vendor/yiisoft/yii2/base/Module.php:461
Stack trace:
#0 /home/web_root/social-open/vendor/yiisoft/yii2/web/Application.php(84): yii\base\Module->runAction('secret', Array)
#1 /home/web_root/social-open/vendor/yiisoft/yii2/base/Application.php(375): yii\web\Application->handleRequest(Object(yii\web\Request))
#2 /home/web_root/social-open/web/back.php(16): yii\base\Application->run()
#3 {main}

Next exception 'yii\web\NotFoundHttpException' with message 'Page not found.' in /home/web_root/social-open/vendor/yiisoft/yii2/web/Application.php:96
Stack trace:
#0 /home/web_root/social-open/vendor/yiisoft/yii2/base/Application.php(375): yii\web\Application->handleRequest(Object(yii\web\Request))
#1 /home/web_root/social-open/web/back.php(16): yii\base\Application->run()
#2 {main}
2015-07-28 03:10:49 [192.168.200.1][-][-][info][application] $_GET = [
    '_' => '1438053048011'
]

$_SERVER = [
    'MALLOC_CHECK_' => '2'
    'MACHTYPE' => ''
    'OSTYPE' => ''
    'TEMP' => '/tmp'
    'TMPDIR' => '/tmp'
    'TMP' => '/tmp'
    'PATH' => '/usr/local/bin:/usr/bin:/bin'
    'HOSTNAME' => ''
    'USER' => 'nobody'
    'HOME' => '/'
    'FCGI_ROLE' => 'RESPONDER'
    'SCRIPT_FILENAME' => '/home/web_root/social-open/web//back.php'
    'QUERY_STRING' => '_=1438053048011'
    'REQUEST_METHOD' => 'GET'
    'CONTENT_TYPE' => ''
    'CONTENT_LENGTH' => ''
    'SCRIPT_NAME' => '/back.php'
    'REQUEST_URI' => '/back.php/secret?_=1438053048011'
    'DOCUMENT_URI' => '/back.php'
    'DOCUMENT_ROOT' => '/home/web_root/social-open/web'
    'SERVER_PROTOCOL' => 'HTTP/1.1'
    'GATEWAY_INTERFACE' => 'CGI/1.1'
    'SERVER_SOFTWARE' => 'nginx/1.8.0'
    'REMOTE_ADDR' => '192.168.200.1'
    'REMOTE_PORT' => '55202'
    'SERVER_ADDR' => '192.168.200.128'
    'SERVER_PORT' => '80'
    'SERVER_NAME' => 'social.open.com'
    'REDIRECT_STATUS' => '200'
    'HTTP_HOST' => 'social.open.com'
    'HTTP_USER_AGENT' => 'Mozilla/5.0 (Windows NT 6.1; WOW64; rv:39.0) Gecko/20100101 Firefox/39.0'
    'HTTP_ACCEPT' => 'text/html, */*; q=0.01'
    'HTTP_ACCEPT_LANGUAGE' => 'zh-CN,zh;q=0.8,en-US;q=0.5,en;q=0.3'
    'HTTP_ACCEPT_ENCODING' => 'gzip, deflate'
    'HTTP_X_REQUESTED_WITH' => 'XMLHttpRequest'
    'HTTP_REFERER' => 'http://social.open.com/back.php'
    'HTTP_CONNECTION' => 'keep-alive'
    'PHP_SELF' => '/back.php'
    'REQUEST_TIME_FLOAT' => 1438053049.8843
    'REQUEST_TIME' => 1438053049
    'argv' => [
        0 => '_=1438053048011'
    ]
    'argc' => 1
]
2015-07-28 03:47:48 [192.168.200.1][-][-][error][yii\web\HttpException:404] exception 'yii\base\InvalidRouteException' with message 'Unable to resolve the request "secret".' in /home/web_root/social-open/vendor/yiisoft/yii2/base/Module.php:461
Stack trace:
#0 /home/web_root/social-open/vendor/yiisoft/yii2/web/Application.php(84): yii\base\Module->runAction('secret', Array)
#1 /home/web_root/social-open/vendor/yiisoft/yii2/base/Application.php(375): yii\web\Application->handleRequest(Object(yii\web\Request))
#2 /home/web_root/social-open/web/back.php(16): yii\base\Application->run()
#3 {main}

Next exception 'yii\web\NotFoundHttpException' with message 'Page not found.' in /home/web_root/social-open/vendor/yiisoft/yii2/web/Application.php:96
Stack trace:
#0 /home/web_root/social-open/vendor/yiisoft/yii2/base/Application.php(375): yii\web\Application->handleRequest(Object(yii\web\Request))
#1 /home/web_root/social-open/web/back.php(16): yii\base\Application->run()
#2 {main}
2015-07-28 03:47:47 [192.168.200.1][-][-][info][application] $_GET = [
    '_' => '1438053048013'
]

$_SERVER = [
    'MALLOC_CHECK_' => '2'
    'MACHTYPE' => ''
    'OSTYPE' => ''
    'TEMP' => '/tmp'
    'TMPDIR' => '/tmp'
    'TMP' => '/tmp'
    'PATH' => '/usr/local/bin:/usr/bin:/bin'
    'HOSTNAME' => ''
    'USER' => 'nobody'
    'HOME' => '/'
    'FCGI_ROLE' => 'RESPONDER'
    'SCRIPT_FILENAME' => '/home/web_root/social-open/web//back.php'
    'QUERY_STRING' => '_=1438053048013'
    'REQUEST_METHOD' => 'GET'
    'CONTENT_TYPE' => ''
    'CONTENT_LENGTH' => ''
    'SCRIPT_NAME' => '/back.php'
    'REQUEST_URI' => '/back.php/secret?_=1438053048013'
    'DOCUMENT_URI' => '/back.php'
    'DOCUMENT_ROOT' => '/home/web_root/social-open/web'
    'SERVER_PROTOCOL' => 'HTTP/1.1'
    'GATEWAY_INTERFACE' => 'CGI/1.1'
    'SERVER_SOFTWARE' => 'nginx/1.8.0'
    'REMOTE_ADDR' => '192.168.200.1'
    'REMOTE_PORT' => '58424'
    'SERVER_ADDR' => '192.168.200.128'
    'SERVER_PORT' => '80'
    'SERVER_NAME' => 'social.open.com'
    'REDIRECT_STATUS' => '200'
    'HTTP_HOST' => 'social.open.com'
    'HTTP_USER_AGENT' => 'Mozilla/5.0 (Windows NT 6.1; WOW64; rv:39.0) Gecko/20100101 Firefox/39.0'
    'HTTP_ACCEPT' => 'text/html, */*; q=0.01'
    'HTTP_ACCEPT_LANGUAGE' => 'zh-CN,zh;q=0.8,en-US;q=0.5,en;q=0.3'
    'HTTP_ACCEPT_ENCODING' => 'gzip, deflate'
    'HTTP_X_REQUESTED_WITH' => 'XMLHttpRequest'
    'HTTP_REFERER' => 'http://social.open.com/back.php'
    'HTTP_CONNECTION' => 'keep-alive'
    'PHP_SELF' => '/back.php'
    'REQUEST_TIME_FLOAT' => 1438055267.6294
    'REQUEST_TIME' => 1438055267
    'argv' => [
        0 => '_=1438053048013'
    ]
    'argc' => 1
]
2015-07-28 05:38:53 [192.168.200.1][-][-][error][yii\web\HttpException:400] exception 'yii\web\BadRequestHttpException' with message 'Unable to verify your data submission.' in /home/web_root/social-open/vendor/yiisoft/yii2/web/Controller.php:110
Stack trace:
#0 /home/web_root/social-open/vendor/yiisoft/yii2/base/Controller.php(149): yii\web\Controller->beforeAction(Object(yii\base\InlineAction))
#1 /home/web_root/social-open/vendor/yiisoft/yii2/base/Module.php(455): yii\base\Controller->runAction('list', Array)
#2 /home/web_root/social-open/vendor/yiisoft/yii2/web/Application.php(84): yii\base\Module->runAction('secret/list', Array)
#3 /home/web_root/social-open/vendor/yiisoft/yii2/base/Application.php(375): yii\web\Application->handleRequest(Object(yii\web\Request))
#4 /home/web_root/social-open/web/back.php(16): yii\base\Application->run()
#5 {main}
2015-07-28 05:38:52 [192.168.200.1][-][-][info][application] $_GET = [
    'ajax' => '1'
]

$_POST = [
    'page' => '1'
    'rows' => '10'
]

$_SERVER = [
    'MALLOC_CHECK_' => '2'
    'MACHTYPE' => ''
    'OSTYPE' => ''
    'TEMP' => '/tmp'
    'TMPDIR' => '/tmp'
    'TMP' => '/tmp'
    'PATH' => '/usr/local/bin:/usr/bin:/bin'
    'HOSTNAME' => ''
    'USER' => 'nobody'
    'HOME' => '/'
    'FCGI_ROLE' => 'RESPONDER'
    'SCRIPT_FILENAME' => '/home/web_root/social-open/web//back.php'
    'QUERY_STRING' => 'ajax=1'
    'REQUEST_METHOD' => 'POST'
    'CONTENT_TYPE' => 'application/x-www-form-urlencoded; charset=UTF-8'
    'CONTENT_LENGTH' => '14'
    'SCRIPT_NAME' => '/back.php'
    'REQUEST_URI' => '/back.php/secret/list?ajax=1'
    'DOCUMENT_URI' => '/back.php'
    'DOCUMENT_ROOT' => '/home/web_root/social-open/web'
    'SERVER_PROTOCOL' => 'HTTP/1.1'
    'GATEWAY_INTERFACE' => 'CGI/1.1'
    'SERVER_SOFTWARE' => 'nginx/1.8.0'
    'REMOTE_ADDR' => '192.168.200.1'
    'REMOTE_PORT' => '60920'
    'SERVER_ADDR' => '192.168.200.128'
    'SERVER_PORT' => '80'
    'SERVER_NAME' => 'social.open.com'
    'REDIRECT_STATUS' => '200'
    'HTTP_HOST' => 'social.open.com'
    'HTTP_USER_AGENT' => 'Mozilla/5.0 (Windows NT 6.1; WOW64; rv:39.0) Gecko/20100101 Firefox/39.0'
    'HTTP_ACCEPT' => 'application/json, text/javascript, */*; q=0.01'
    'HTTP_ACCEPT_LANGUAGE' => 'zh-CN,zh;q=0.8,en-US;q=0.5,en;q=0.3'
    'HTTP_ACCEPT_ENCODING' => 'gzip, deflate'
    'HTTP_CONTENT_TYPE' => 'application/x-www-form-urlencoded; charset=UTF-8'
    'HTTP_X_REQUESTED_WITH' => 'XMLHttpRequest'
    'HTTP_REFERER' => 'http://social.open.com/back.php'
    'HTTP_CONTENT_LENGTH' => '14'
    'HTTP_CONNECTION' => 'keep-alive'
    'HTTP_PRAGMA' => 'no-cache'
    'HTTP_CACHE_CONTROL' => 'no-cache'
    'PHP_SELF' => '/back.php'
    'REQUEST_TIME_FLOAT' => 1438061932.4841
    'REQUEST_TIME' => 1438061932
    'argv' => [
        0 => 'ajax=1'
    ]
    'argc' => 1
]
2015-07-28 05:39:01 [192.168.200.1][-][-][error][yii\web\HttpException:400] exception 'yii\web\BadRequestHttpException' with message 'Unable to verify your data submission.' in /home/web_root/social-open/vendor/yiisoft/yii2/web/Controller.php:110
Stack trace:
#0 /home/web_root/social-open/vendor/yiisoft/yii2/base/Controller.php(149): yii\web\Controller->beforeAction(Object(yii\base\InlineAction))
#1 /home/web_root/social-open/vendor/yiisoft/yii2/base/Module.php(455): yii\base\Controller->runAction('list', Array)
#2 /home/web_root/social-open/vendor/yiisoft/yii2/web/Application.php(84): yii\base\Module->runAction('secret/list', Array)
#3 /home/web_root/social-open/vendor/yiisoft/yii2/base/Application.php(375): yii\web\Application->handleRequest(Object(yii\web\Request))
#4 /home/web_root/social-open/web/back.php(16): yii\base\Application->run()
#5 {main}
2015-07-28 05:39:01 [192.168.200.1][-][-][info][application] $_GET = [
    'ajax' => '1'
]

$_POST = [
    'page' => '1'
    'rows' => '10'
]

$_SERVER = [
    'MALLOC_CHECK_' => '2'
    'MACHTYPE' => ''
    'OSTYPE' => ''
    'TEMP' => '/tmp'
    'TMPDIR' => '/tmp'
    'TMP' => '/tmp'
    'PATH' => '/usr/local/bin:/usr/bin:/bin'
    'HOSTNAME' => ''
    'USER' => 'nobody'
    'HOME' => '/'
    'FCGI_ROLE' => 'RESPONDER'
    'SCRIPT_FILENAME' => '/home/web_root/social-open/web//back.php'
    'QUERY_STRING' => 'ajax=1'
    'REQUEST_METHOD' => 'POST'
    'CONTENT_TYPE' => 'application/x-www-form-urlencoded; charset=UTF-8'
    'CONTENT_LENGTH' => '14'
    'SCRIPT_NAME' => '/back.php'
    'REQUEST_URI' => '/back.php/secret/list?ajax=1'
    'DOCUMENT_URI' => '/back.php'
    'DOCUMENT_ROOT' => '/home/web_root/social-open/web'
    'SERVER_PROTOCOL' => 'HTTP/1.1'
    'GATEWAY_INTERFACE' => 'CGI/1.1'
    'SERVER_SOFTWARE' => 'nginx/1.8.0'
    'REMOTE_ADDR' => '192.168.200.1'
    'REMOTE_PORT' => '60917'
    'SERVER_ADDR' => '192.168.200.128'
    'SERVER_PORT' => '80'
    'SERVER_NAME' => 'social.open.com'
    'REDIRECT_STATUS' => '200'
    'HTTP_HOST' => 'social.open.com'
    'HTTP_USER_AGENT' => 'Mozilla/5.0 (Windows NT 6.1; WOW64; rv:39.0) Gecko/20100101 Firefox/39.0'
    'HTTP_ACCEPT' => 'application/json, text/javascript, */*; q=0.01'
    'HTTP_ACCEPT_LANGUAGE' => 'zh-CN,zh;q=0.8,en-US;q=0.5,en;q=0.3'
    'HTTP_ACCEPT_ENCODING' => 'gzip, deflate'
    'HTTP_CONTENT_TYPE' => 'application/x-www-form-urlencoded; charset=UTF-8'
    'HTTP_X_REQUESTED_WITH' => 'XMLHttpRequest'
    'HTTP_REFERER' => 'http://social.open.com/back.php'
    'HTTP_CONTENT_LENGTH' => '14'
    'HTTP_CONNECTION' => 'keep-alive'
    'HTTP_PRAGMA' => 'no-cache'
    'HTTP_CACHE_CONTROL' => 'no-cache'
    'PHP_SELF' => '/back.php'
    'REQUEST_TIME_FLOAT' => 1438061941.07
    'REQUEST_TIME' => 1438061941
    'argv' => [
        0 => 'ajax=1'
    ]
    'argc' => 1
]
2015-07-28 05:39:09 [192.168.200.1][-][-][error][yii\web\HttpException:400] exception 'yii\web\BadRequestHttpException' with message 'Unable to verify your data submission.' in /home/web_root/social-open/vendor/yiisoft/yii2/web/Controller.php:110
Stack trace:
#0 /home/web_root/social-open/vendor/yiisoft/yii2/base/Controller.php(149): yii\web\Controller->beforeAction(Object(yii\base\InlineAction))
#1 /home/web_root/social-open/vendor/yiisoft/yii2/base/Module.php(455): yii\base\Controller->runAction('list', Array)
#2 /home/web_root/social-open/vendor/yiisoft/yii2/web/Application.php(84): yii\base\Module->runAction('secret/list', Array)
#3 /home/web_root/social-open/vendor/yiisoft/yii2/base/Application.php(375): yii\web\Application->handleRequest(Object(yii\web\Request))
#4 /home/web_root/social-open/web/back.php(16): yii\base\Application->run()
#5 {main}
2015-07-28 05:39:09 [192.168.200.1][-][-][info][application] $_GET = [
    'ajax' => '1'
]

$_POST = [
    'page' => '1'
    'rows' => '10'
]

$_SERVER = [
    'MALLOC_CHECK_' => '2'
    'MACHTYPE' => ''
    'OSTYPE' => ''
    'TEMP' => '/tmp'
    'TMPDIR' => '/tmp'
    'TMP' => '/tmp'
    'PATH' => '/usr/local/bin:/usr/bin:/bin'
    'HOSTNAME' => ''
    'USER' => 'nobody'
    'HOME' => '/'
    'FCGI_ROLE' => 'RESPONDER'
    'SCRIPT_FILENAME' => '/home/web_root/social-open/web//back.php'
    'QUERY_STRING' => 'ajax=1'
    'REQUEST_METHOD' => 'POST'
    'CONTENT_TYPE' => 'application/x-www-form-urlencoded; charset=UTF-8'
    'CONTENT_LENGTH' => '14'
    'SCRIPT_NAME' => '/back.php'
    'REQUEST_URI' => '/back.php/secret/list?ajax=1'
    'DOCUMENT_URI' => '/back.php'
    'DOCUMENT_ROOT' => '/home/web_root/social-open/web'
    'SERVER_PROTOCOL' => 'HTTP/1.1'
    'GATEWAY_INTERFACE' => 'CGI/1.1'
    'SERVER_SOFTWARE' => 'nginx/1.8.0'
    'REMOTE_ADDR' => '192.168.200.1'
    'REMOTE_PORT' => '60917'
    'SERVER_ADDR' => '192.168.200.128'
    'SERVER_PORT' => '80'
    'SERVER_NAME' => 'social.open.com'
    'REDIRECT_STATUS' => '200'
    'HTTP_HOST' => 'social.open.com'
    'HTTP_USER_AGENT' => 'Mozilla/5.0 (Windows NT 6.1; WOW64; rv:39.0) Gecko/20100101 Firefox/39.0'
    'HTTP_ACCEPT' => 'application/json, text/javascript, */*; q=0.01'
    'HTTP_ACCEPT_LANGUAGE' => 'zh-CN,zh;q=0.8,en-US;q=0.5,en;q=0.3'
    'HTTP_ACCEPT_ENCODING' => 'gzip, deflate'
    'HTTP_CONTENT_TYPE' => 'application/x-www-form-urlencoded; charset=UTF-8'
    'HTTP_X_REQUESTED_WITH' => 'XMLHttpRequest'
    'HTTP_REFERER' => 'http://social.open.com/back.php'
    'HTTP_CONTENT_LENGTH' => '14'
    'HTTP_CONNECTION' => 'keep-alive'
    'HTTP_PRAGMA' => 'no-cache'
    'HTTP_CACHE_CONTROL' => 'no-cache'
    'PHP_SELF' => '/back.php'
    'REQUEST_TIME_FLOAT' => 1438061949.5108
    'REQUEST_TIME' => 1438061949
    'argv' => [
        0 => 'ajax=1'
    ]
    'argc' => 1
]
2015-07-28 05:40:21 [192.168.200.1][-][-][error][yii\web\HttpException:400] exception 'yii\web\BadRequestHttpException' with message 'Unable to verify your data submission.' in /home/web_root/social-open/vendor/yiisoft/yii2/web/Controller.php:110
Stack trace:
#0 /home/web_root/social-open/vendor/yiisoft/yii2/base/Controller.php(149): yii\web\Controller->beforeAction(Object(yii\base\InlineAction))
#1 /home/web_root/social-open/vendor/yiisoft/yii2/base/Module.php(455): yii\base\Controller->runAction('list', Array)
#2 /home/web_root/social-open/vendor/yiisoft/yii2/web/Application.php(84): yii\base\Module->runAction('secret/list', Array)
#3 /home/web_root/social-open/vendor/yiisoft/yii2/base/Application.php(375): yii\web\Application->handleRequest(Object(yii\web\Request))
#4 /home/web_root/social-open/web/back.php(16): yii\base\Application->run()
#5 {main}
2015-07-28 05:40:21 [192.168.200.1][-][-][info][application] $_GET = [
    'ajax' => '1'
]

$_POST = [
    'page' => '1'
    'rows' => '10'
]

$_SERVER = [
    'MALLOC_CHECK_' => '2'
    'MACHTYPE' => ''
    'OSTYPE' => ''
    'TEMP' => '/tmp'
    'TMPDIR' => '/tmp'
    'TMP' => '/tmp'
    'PATH' => '/usr/local/bin:/usr/bin:/bin'
    'HOSTNAME' => ''
    'USER' => 'nobody'
    'HOME' => '/'
    'FCGI_ROLE' => 'RESPONDER'
    'SCRIPT_FILENAME' => '/home/web_root/social-open/web//back.php'
    'QUERY_STRING' => 'ajax=1'
    'REQUEST_METHOD' => 'POST'
    'CONTENT_TYPE' => 'application/x-www-form-urlencoded; charset=UTF-8'
    'CONTENT_LENGTH' => '14'
    'SCRIPT_NAME' => '/back.php'
    'REQUEST_URI' => '/back.php/secret/list?ajax=1'
    'DOCUMENT_URI' => '/back.php'
    'DOCUMENT_ROOT' => '/home/web_root/social-open/web'
    'SERVER_PROTOCOL' => 'HTTP/1.1'
    'GATEWAY_INTERFACE' => 'CGI/1.1'
    'SERVER_SOFTWARE' => 'nginx/1.8.0'
    'REMOTE_ADDR' => '192.168.200.1'
    'REMOTE_PORT' => '60959'
    'SERVER_ADDR' => '192.168.200.128'
    'SERVER_PORT' => '80'
    'SERVER_NAME' => 'social.open.com'
    'REDIRECT_STATUS' => '200'
    'HTTP_HOST' => 'social.open.com'
    'HTTP_USER_AGENT' => 'Mozilla/5.0 (Windows NT 6.1; WOW64; rv:39.0) Gecko/20100101 Firefox/39.0'
    'HTTP_ACCEPT' => 'application/json, text/javascript, */*; q=0.01'
    'HTTP_ACCEPT_LANGUAGE' => 'zh-CN,zh;q=0.8,en-US;q=0.5,en;q=0.3'
    'HTTP_ACCEPT_ENCODING' => 'gzip, deflate'
    'HTTP_CONTENT_TYPE' => 'application/x-www-form-urlencoded; charset=UTF-8'
    'HTTP_X_REQUESTED_WITH' => 'XMLHttpRequest'
    'HTTP_REFERER' => 'http://social.open.com/back.php'
    'HTTP_CONTENT_LENGTH' => '14'
    'HTTP_CONNECTION' => 'keep-alive'
    'HTTP_PRAGMA' => 'no-cache'
    'HTTP_CACHE_CONTROL' => 'no-cache'
    'PHP_SELF' => '/back.php'
    'REQUEST_TIME_FLOAT' => 1438062021.1579
    'REQUEST_TIME' => 1438062021
    'argv' => [
        0 => 'ajax=1'
    ]
    'argc' => 1
]
2015-07-28 06:10:15 [192.168.200.1][-][-][error][yii\web\HttpException:404] exception 'yii\base\InvalidRouteException' with message 'Unable to resolve the request "hickey/list".' in /home/web_root/social-open/vendor/yiisoft/yii2/base/Module.php:461
Stack trace:
#0 /home/web_root/social-open/vendor/yiisoft/yii2/web/Application.php(84): yii\base\Module->runAction('hickey/list', Array)
#1 /home/web_root/social-open/vendor/yiisoft/yii2/base/Application.php(375): yii\web\Application->handleRequest(Object(yii\web\Request))
#2 /home/web_root/social-open/web/back.php(16): yii\base\Application->run()
#3 {main}

Next exception 'yii\web\NotFoundHttpException' with message 'Page not found.' in /home/web_root/social-open/vendor/yiisoft/yii2/web/Application.php:96
Stack trace:
#0 /home/web_root/social-open/vendor/yiisoft/yii2/base/Application.php(375): yii\web\Application->handleRequest(Object(yii\web\Request))
#1 /home/web_root/social-open/web/back.php(16): yii\base\Application->run()
#2 {main}
2015-07-28 06:10:15 [192.168.200.1][-][-][info][application] $_GET = [
    '_' => '1438063813658'
]

$_SERVER = [
    'MALLOC_CHECK_' => '2'
    'MACHTYPE' => ''
    'OSTYPE' => ''
    'TEMP' => '/tmp'
    'TMPDIR' => '/tmp'
    'TMP' => '/tmp'
    'PATH' => '/usr/local/bin:/usr/bin:/bin'
    'HOSTNAME' => ''
    'USER' => 'nobody'
    'HOME' => '/'
    'FCGI_ROLE' => 'RESPONDER'
    'SCRIPT_FILENAME' => '/home/web_root/social-open/web//back.php'
    'QUERY_STRING' => '_=1438063813658'
    'REQUEST_METHOD' => 'GET'
    'CONTENT_TYPE' => ''
    'CONTENT_LENGTH' => ''
    'SCRIPT_NAME' => '/back.php'
    'REQUEST_URI' => '/back.php/hickey/list?_=1438063813658'
    'DOCUMENT_URI' => '/back.php'
    'DOCUMENT_ROOT' => '/home/web_root/social-open/web'
    'SERVER_PROTOCOL' => 'HTTP/1.1'
    'GATEWAY_INTERFACE' => 'CGI/1.1'
    'SERVER_SOFTWARE' => 'nginx/1.8.0'
    'REMOTE_ADDR' => '192.168.200.1'
    'REMOTE_PORT' => '61974'
    'SERVER_ADDR' => '192.168.200.128'
    'SERVER_PORT' => '80'
    'SERVER_NAME' => 'social.open.com'
    'REDIRECT_STATUS' => '200'
    'HTTP_HOST' => 'social.open.com'
    'HTTP_USER_AGENT' => 'Mozilla/5.0 (Windows NT 6.1; WOW64; rv:39.0) Gecko/20100101 Firefox/39.0'
    'HTTP_ACCEPT' => 'text/html, */*; q=0.01'
    'HTTP_ACCEPT_LANGUAGE' => 'zh-CN,zh;q=0.8,en-US;q=0.5,en;q=0.3'
    'HTTP_ACCEPT_ENCODING' => 'gzip, deflate'
    'HTTP_X_REQUESTED_WITH' => 'XMLHttpRequest'
    'HTTP_REFERER' => 'http://social.open.com/back.php'
    'HTTP_CONNECTION' => 'keep-alive'
    'PHP_SELF' => '/back.php'
    'REQUEST_TIME_FLOAT' => 1438063815.474
    'REQUEST_TIME' => 1438063815
    'argv' => [
        0 => '_=1438063813658'
    ]
    'argc' => 1
]
2015-07-28 07:02:09 [192.168.200.1][-][-][error][yii\db\Exception] exception 'PDOException' with message 'SQLSTATE[42S22]: Column not found: 1054 Unknown column 'create_at' in 'field list'' in /home/web_root/social-open/vendor/yiisoft/yii2/db/Command.php:771
Stack trace:
#0 /home/web_root/social-open/vendor/yiisoft/yii2/db/Command.php(771): PDOStatement->execute()
#1 /home/web_root/social-open/back/models/Api.php(87): yii\db\Command->execute()
#2 /home/web_root/social-open/back/controllers/ApiController.php(76): app\models\Api->save_api(Array)
#3 [internal function]: app\controllers\ApiController->actionAdd()
#4 /home/web_root/social-open/vendor/yiisoft/yii2/base/InlineAction.php(55): call_user_func_array(Array, Array)
#5 /home/web_root/social-open/vendor/yiisoft/yii2/base/Controller.php(151): yii\base\InlineAction->runWithParams(Array)
#6 /home/web_root/social-open/vendor/yiisoft/yii2/base/Module.php(455): yii\base\Controller->runAction('add', Array)
#7 /home/web_root/social-open/vendor/yiisoft/yii2/web/Application.php(84): yii\base\Module->runAction('api/add', Array)
#8 /home/web_root/social-open/vendor/yiisoft/yii2/base/Application.php(375): yii\web\Application->handleRequest(Object(yii\web\Request))
#9 /home/web_root/social-open/web/back.php(16): yii\base\Application->run()
#10 {main}

Next exception 'yii\db\Exception' with message 'SQLSTATE[42S22]: Column not found: 1054 Unknown column 'create_at' in 'field list'
The SQL being executed was: insert into op_api (api_name, api_url, type, create_at)
		values ('接口2', '/url/api2', '1', 1438066929)' in /home/web_root/social-open/vendor/yiisoft/yii2/db/Schema.php:595
Stack trace:
#0 /home/web_root/social-open/vendor/yiisoft/yii2/db/Command.php(779): yii\db\Schema->convertException(Object(PDOException), 'insert into op_...')
#1 /home/web_root/social-open/back/models/Api.php(87): yii\db\Command->execute()
#2 /home/web_root/social-open/back/controllers/ApiController.php(76): app\models\Api->save_api(Array)
#3 [internal function]: app\controllers\ApiController->actionAdd()
#4 /home/web_root/social-open/vendor/yiisoft/yii2/base/InlineAction.php(55): call_user_func_array(Array, Array)
#5 /home/web_root/social-open/vendor/yiisoft/yii2/base/Controller.php(151): yii\base\InlineAction->runWithParams(Array)
#6 /home/web_root/social-open/vendor/yiisoft/yii2/base/Module.php(455): yii\base\Controller->runAction('add', Array)
#7 /home/web_root/social-open/vendor/yiisoft/yii2/web/Application.php(84): yii\base\Module->runAction('api/add', Array)
#8 /home/web_root/social-open/vendor/yiisoft/yii2/base/Application.php(375): yii\web\Application->handleRequest(Object(yii\web\Request))
#9 /home/web_root/social-open/web/back.php(16): yii\base\Application->run()
#10 {main}
Additional Information:
Array
(
    [0] => 42S22
    [1] => 1054
    [2] => Unknown column 'create_at' in 'field list'
)

2015-07-28 07:02:09 [192.168.200.1][-][-][info][application] $_POST = [
    'api_name' => '接口2'
    'api_url' => '/url/api2'
    'type' => '1'
    'sub' => ''
]

$_SERVER = [
    'MALLOC_CHECK_' => '2'
    'MACHTYPE' => ''
    'OSTYPE' => ''
    'TEMP' => '/tmp'
    'TMPDIR' => '/tmp'
    'TMP' => '/tmp'
    'PATH' => '/usr/local/bin:/usr/bin:/bin'
    'HOSTNAME' => ''
    'USER' => 'nobody'
    'HOME' => '/'
    'FCGI_ROLE' => 'RESPONDER'
    'SCRIPT_FILENAME' => '/home/web_root/social-open/web//back.php'
    'QUERY_STRING' => ''
    'REQUEST_METHOD' => 'POST'
    'CONTENT_TYPE' => 'application/x-www-form-urlencoded'
    'CONTENT_LENGTH' => '62'
    'SCRIPT_NAME' => '/back.php'
    'REQUEST_URI' => '/back.php/api/add'
    'DOCUMENT_URI' => '/back.php'
    'DOCUMENT_ROOT' => '/home/web_root/social-open/web'
    'SERVER_PROTOCOL' => 'HTTP/1.1'
    'GATEWAY_INTERFACE' => 'CGI/1.1'
    'SERVER_SOFTWARE' => 'nginx/1.8.0'
    'REMOTE_ADDR' => '192.168.200.1'
    'REMOTE_PORT' => '63661'
    'SERVER_ADDR' => '192.168.200.128'
    'SERVER_PORT' => '80'
    'SERVER_NAME' => 'social.open.com'
    'REDIRECT_STATUS' => '200'
    'HTTP_HOST' => 'social.open.com'
    'HTTP_USER_AGENT' => 'Mozilla/5.0 (Windows NT 6.1; WOW64; rv:39.0) Gecko/20100101 Firefox/39.0'
    'HTTP_ACCEPT' => 'text/html,application/xhtml+xml,application/xml;q=0.9,*/*;q=0.8'
    'HTTP_ACCEPT_LANGUAGE' => 'zh-CN,zh;q=0.8,en-US;q=0.5,en;q=0.3'
    'HTTP_ACCEPT_ENCODING' => 'gzip, deflate'
    'HTTP_REFERER' => 'http://social.open.com/back.php'
    'HTTP_CONNECTION' => 'keep-alive'
    'HTTP_CONTENT_TYPE' => 'application/x-www-form-urlencoded'
    'HTTP_CONTENT_LENGTH' => '62'
    'PHP_SELF' => '/back.php'
    'REQUEST_TIME_FLOAT' => 1438066929.7543
    'REQUEST_TIME' => 1438066929
    'argv' => []
    'argc' => 0
]
2015-07-28 07:40:33 [192.168.200.1][-][-][error][yii\base\ErrorException:1] exception 'yii\base\ErrorException' with message 'Call to undefined function app\models\libs\openssl_pkey_new()' in /home/web_root/social-open/back/models/libs/Tools.php:8
Stack trace:
#0 [internal function]: yii\base\ErrorHandler->handleFatalError()
#1 {main}
2015-07-28 07:40:33 [192.168.200.1][-][-][info][application] $_SERVER = [
    'MALLOC_CHECK_' => '2'
    'MACHTYPE' => ''
    'OSTYPE' => ''
    'TEMP' => '/tmp'
    'TMPDIR' => '/tmp'
    'TMP' => '/tmp'
    'PATH' => '/usr/local/bin:/usr/bin:/bin'
    'HOSTNAME' => ''
    'USER' => 'nobody'
    'HOME' => '/'
    'FCGI_ROLE' => 'RESPONDER'
    'SCRIPT_FILENAME' => '/home/web_root/social-open/web//back.php'
    'QUERY_STRING' => ''
    'REQUEST_METHOD' => 'GET'
    'CONTENT_TYPE' => ''
    'CONTENT_LENGTH' => ''
    'SCRIPT_NAME' => '/back.php'
    'REQUEST_URI' => '/back.php'
    'DOCUMENT_URI' => '/back.php'
    'DOCUMENT_ROOT' => '/home/web_root/social-open/web'
    'SERVER_PROTOCOL' => 'HTTP/1.1'
    'GATEWAY_INTERFACE' => 'CGI/1.1'
    'SERVER_SOFTWARE' => 'nginx/1.8.0'
    'REMOTE_ADDR' => '192.168.200.1'
    'REMOTE_PORT' => '64731'
    'SERVER_ADDR' => '192.168.200.128'
    'SERVER_PORT' => '80'
    'SERVER_NAME' => 'social.open.com'
    'REDIRECT_STATUS' => '200'
    'HTTP_HOST' => 'social.open.com'
    'HTTP_USER_AGENT' => 'Mozilla/5.0 (Windows NT 6.1; WOW64; rv:39.0) Gecko/20100101 Firefox/39.0'
    'HTTP_ACCEPT' => 'text/html,application/xhtml+xml,application/xml;q=0.9,*/*;q=0.8'
    'HTTP_ACCEPT_LANGUAGE' => 'zh-CN,zh;q=0.8,en-US;q=0.5,en;q=0.3'
    'HTTP_ACCEPT_ENCODING' => 'gzip, deflate'
    'HTTP_CONNECTION' => 'keep-alive'
    'HTTP_CACHE_CONTROL' => 'max-age=0'
    'PHP_SELF' => '/back.php'
    'REQUEST_TIME_FLOAT' => 1438069233.2177
    'REQUEST_TIME' => 1438069233
    'argv' => []
    'argc' => 0
]
2015-07-28 07:40:47 [192.168.200.1][-][-][error][yii\base\ErrorException:1] exception 'yii\base\ErrorException' with message 'Call to undefined function openssl_pkey_new()' in /home/web_root/social-open/back/models/libs/Tools.php:8
Stack trace:
#0 [internal function]: yii\base\ErrorHandler->handleFatalError()
#1 {main}
2015-07-28 07:40:47 [192.168.200.1][-][-][info][application] $_SERVER = [
    'MALLOC_CHECK_' => '2'
    'MACHTYPE' => ''
    'OSTYPE' => ''
    'TEMP' => '/tmp'
    'TMPDIR' => '/tmp'
    'TMP' => '/tmp'
    'PATH' => '/usr/local/bin:/usr/bin:/bin'
    'HOSTNAME' => ''
    'USER' => 'nobody'
    'HOME' => '/'
    'FCGI_ROLE' => 'RESPONDER'
    'SCRIPT_FILENAME' => '/home/web_root/social-open/web//back.php'
    'QUERY_STRING' => ''
    'REQUEST_METHOD' => 'GET'
    'CONTENT_TYPE' => ''
    'CONTENT_LENGTH' => ''
    'SCRIPT_NAME' => '/back.php'
    'REQUEST_URI' => '/back.php'
    'DOCUMENT_URI' => '/back.php'
    'DOCUMENT_ROOT' => '/home/web_root/social-open/web'
    'SERVER_PROTOCOL' => 'HTTP/1.1'
    'GATEWAY_INTERFACE' => 'CGI/1.1'
    'SERVER_SOFTWARE' => 'nginx/1.8.0'
    'REMOTE_ADDR' => '192.168.200.1'
    'REMOTE_PORT' => '64731'
    'SERVER_ADDR' => '192.168.200.128'
    'SERVER_PORT' => '80'
    'SERVER_NAME' => 'social.open.com'
    'REDIRECT_STATUS' => '200'
    'HTTP_HOST' => 'social.open.com'
    'HTTP_USER_AGENT' => 'Mozilla/5.0 (Windows NT 6.1; WOW64; rv:39.0) Gecko/20100101 Firefox/39.0'
    'HTTP_ACCEPT' => 'text/html,application/xhtml+xml,application/xml;q=0.9,*/*;q=0.8'
    'HTTP_ACCEPT_LANGUAGE' => 'zh-CN,zh;q=0.8,en-US;q=0.5,en;q=0.3'
    'HTTP_ACCEPT_ENCODING' => 'gzip, deflate'
    'HTTP_CONNECTION' => 'keep-alive'
    'HTTP_CACHE_CONTROL' => 'max-age=0'
    'PHP_SELF' => '/back.php'
    'REQUEST_TIME_FLOAT' => 1438069247.2658
    'REQUEST_TIME' => 1438069247
    'argv' => []
    'argc' => 0
]
2015-07-28 07:41:10 [192.168.200.1][-][-][error][yii\base\ErrorException:1] exception 'yii\base\ErrorException' with message 'Call to undefined function app\models\libs\openssl_pkey_new()' in /home/web_root/social-open/back/models/libs/Tools.php:8
Stack trace:
#0 [internal function]: yii\base\ErrorHandler->handleFatalError()
#1 {main}
2015-07-28 07:41:10 [192.168.200.1][-][-][info][application] $_SERVER = [
    'MALLOC_CHECK_' => '2'
    'MACHTYPE' => ''
    'OSTYPE' => ''
    'TEMP' => '/tmp'
    'TMPDIR' => '/tmp'
    'TMP' => '/tmp'
    'PATH' => '/usr/local/bin:/usr/bin:/bin'
    'HOSTNAME' => ''
    'USER' => 'nobody'
    'HOME' => '/'
    'FCGI_ROLE' => 'RESPONDER'
    'SCRIPT_FILENAME' => '/home/web_root/social-open/web//back.php'
    'QUERY_STRING' => ''
    'REQUEST_METHOD' => 'GET'
    'CONTENT_TYPE' => ''
    'CONTENT_LENGTH' => ''
    'SCRIPT_NAME' => '/back.php'
    'REQUEST_URI' => '/back.php'
    'DOCUMENT_URI' => '/back.php'
    'DOCUMENT_ROOT' => '/home/web_root/social-open/web'
    'SERVER_PROTOCOL' => 'HTTP/1.1'
    'GATEWAY_INTERFACE' => 'CGI/1.1'
    'SERVER_SOFTWARE' => 'nginx/1.8.0'
    'REMOTE_ADDR' => '192.168.200.1'
    'REMOTE_PORT' => '64731'
    'SERVER_ADDR' => '192.168.200.128'
    'SERVER_PORT' => '80'
    'SERVER_NAME' => 'social.open.com'
    'REDIRECT_STATUS' => '200'
    'HTTP_HOST' => 'social.open.com'
    'HTTP_USER_AGENT' => 'Mozilla/5.0 (Windows NT 6.1; WOW64; rv:39.0) Gecko/20100101 Firefox/39.0'
    'HTTP_ACCEPT' => 'text/html,application/xhtml+xml,application/xml;q=0.9,*/*;q=0.8'
    'HTTP_ACCEPT_LANGUAGE' => 'zh-CN,zh;q=0.8,en-US;q=0.5,en;q=0.3'
    'HTTP_ACCEPT_ENCODING' => 'gzip, deflate'
    'HTTP_CONNECTION' => 'keep-alive'
    'HTTP_CACHE_CONTROL' => 'max-age=0'
    'PHP_SELF' => '/back.php'
    'REQUEST_TIME_FLOAT' => 1438069270.1536
    'REQUEST_TIME' => 1438069270
    'argv' => []
    'argc' => 0
]
2015-07-28 07:41:10 [192.168.200.1][-][-][error][yii\base\ErrorException:1] exception 'yii\base\ErrorException' with message 'Call to undefined function app\models\libs\openssl_pkey_new()' in /home/web_root/social-open/back/models/libs/Tools.php:8
Stack trace:
#0 [internal function]: yii\base\ErrorHandler->handleFatalError()
#1 {main}
2015-07-28 07:41:10 [192.168.200.1][-][-][info][application] $_SERVER = [
    'MALLOC_CHECK_' => '2'
    'MACHTYPE' => ''
    'OSTYPE' => ''
    'TEMP' => '/tmp'
    'TMPDIR' => '/tmp'
    'TMP' => '/tmp'
    'PATH' => '/usr/local/bin:/usr/bin:/bin'
    'HOSTNAME' => ''
    'USER' => 'nobody'
    'HOME' => '/'
    'FCGI_ROLE' => 'RESPONDER'
    'SCRIPT_FILENAME' => '/home/web_root/social-open/web//back.php'
    'QUERY_STRING' => ''
    'REQUEST_METHOD' => 'GET'
    'CONTENT_TYPE' => ''
    'CONTENT_LENGTH' => ''
    'SCRIPT_NAME' => '/back.php'
    'REQUEST_URI' => '/back.php'
    'DOCUMENT_URI' => '/back.php'
    'DOCUMENT_ROOT' => '/home/web_root/social-open/web'
    'SERVER_PROTOCOL' => 'HTTP/1.1'
    'GATEWAY_INTERFACE' => 'CGI/1.1'
    'SERVER_SOFTWARE' => 'nginx/1.8.0'
    'REMOTE_ADDR' => '192.168.200.1'
    'REMOTE_PORT' => '64731'
    'SERVER_ADDR' => '192.168.200.128'
    'SERVER_PORT' => '80'
    'SERVER_NAME' => 'social.open.com'
    'REDIRECT_STATUS' => '200'
    'HTTP_HOST' => 'social.open.com'
    'HTTP_USER_AGENT' => 'Mozilla/5.0 (Windows NT 6.1; WOW64; rv:39.0) Gecko/20100101 Firefox/39.0'
    'HTTP_ACCEPT' => 'text/html,application/xhtml+xml,application/xml;q=0.9,*/*;q=0.8'
    'HTTP_ACCEPT_LANGUAGE' => 'zh-CN,zh;q=0.8,en-US;q=0.5,en;q=0.3'
    'HTTP_ACCEPT_ENCODING' => 'gzip, deflate'
    'HTTP_CONNECTION' => 'keep-alive'
    'HTTP_CACHE_CONTROL' => 'max-age=0'
    'PHP_SELF' => '/back.php'
    'REQUEST_TIME_FLOAT' => 1438069270.7977
    'REQUEST_TIME' => 1438069270
    'argv' => []
    'argc' => 0
]
2015-07-28 07:41:11 [192.168.200.1][-][-][error][yii\base\ErrorException:1] exception 'yii\base\ErrorException' with message 'Call to undefined function app\models\libs\openssl_pkey_new()' in /home/web_root/social-open/back/models/libs/Tools.php:8
Stack trace:
#0 [internal function]: yii\base\ErrorHandler->handleFatalError()
#1 {main}
2015-07-28 07:41:11 [192.168.200.1][-][-][info][application] $_SERVER = [
    'MALLOC_CHECK_' => '2'
    'MACHTYPE' => ''
    'OSTYPE' => ''
    'TEMP' => '/tmp'
    'TMPDIR' => '/tmp'
    'TMP' => '/tmp'
    'PATH' => '/usr/local/bin:/usr/bin:/bin'
    'HOSTNAME' => ''
    'USER' => 'nobody'
    'HOME' => '/'
    'FCGI_ROLE' => 'RESPONDER'
    'SCRIPT_FILENAME' => '/home/web_root/social-open/web//back.php'
    'QUERY_STRING' => ''
    'REQUEST_METHOD' => 'GET'
    'CONTENT_TYPE' => ''
    'CONTENT_LENGTH' => ''
    'SCRIPT_NAME' => '/back.php'
    'REQUEST_URI' => '/back.php'
    'DOCUMENT_URI' => '/back.php'
    'DOCUMENT_ROOT' => '/home/web_root/social-open/web'
    'SERVER_PROTOCOL' => 'HTTP/1.1'
    'GATEWAY_INTERFACE' => 'CGI/1.1'
    'SERVER_SOFTWARE' => 'nginx/1.8.0'
    'REMOTE_ADDR' => '192.168.200.1'
    'REMOTE_PORT' => '64731'
    'SERVER_ADDR' => '192.168.200.128'
    'SERVER_PORT' => '80'
    'SERVER_NAME' => 'social.open.com'
    'REDIRECT_STATUS' => '200'
    'HTTP_HOST' => 'social.open.com'
    'HTTP_USER_AGENT' => 'Mozilla/5.0 (Windows NT 6.1; WOW64; rv:39.0) Gecko/20100101 Firefox/39.0'
    'HTTP_ACCEPT' => 'text/html,application/xhtml+xml,application/xml;q=0.9,*/*;q=0.8'
    'HTTP_ACCEPT_LANGUAGE' => 'zh-CN,zh;q=0.8,en-US;q=0.5,en;q=0.3'
    'HTTP_ACCEPT_ENCODING' => 'gzip, deflate'
    'HTTP_CONNECTION' => 'keep-alive'
    'HTTP_CACHE_CONTROL' => 'max-age=0'
    'PHP_SELF' => '/back.php'
    'REQUEST_TIME_FLOAT' => 1438069271.0377
    'REQUEST_TIME' => 1438069271
    'argv' => []
    'argc' => 0
]
2015-07-28 07:41:11 [192.168.200.1][-][-][error][yii\base\ErrorException:1] exception 'yii\base\ErrorException' with message 'Call to undefined function app\models\libs\openssl_pkey_new()' in /home/web_root/social-open/back/models/libs/Tools.php:8
Stack trace:
#0 [internal function]: yii\base\ErrorHandler->handleFatalError()
#1 {main}
2015-07-28 07:41:11 [192.168.200.1][-][-][info][application] $_SERVER = [
    'MALLOC_CHECK_' => '2'
    'MACHTYPE' => ''
    'OSTYPE' => ''
    'TEMP' => '/tmp'
    'TMPDIR' => '/tmp'
    'TMP' => '/tmp'
    'PATH' => '/usr/local/bin:/usr/bin:/bin'
    'HOSTNAME' => ''
    'USER' => 'nobody'
    'HOME' => '/'
    'FCGI_ROLE' => 'RESPONDER'
    'SCRIPT_FILENAME' => '/home/web_root/social-open/web//back.php'
    'QUERY_STRING' => ''
    'REQUEST_METHOD' => 'GET'
    'CONTENT_TYPE' => ''
    'CONTENT_LENGTH' => ''
    'SCRIPT_NAME' => '/back.php'
    'REQUEST_URI' => '/back.php'
    'DOCUMENT_URI' => '/back.php'
    'DOCUMENT_ROOT' => '/home/web_root/social-open/web'
    'SERVER_PROTOCOL' => 'HTTP/1.1'
    'GATEWAY_INTERFACE' => 'CGI/1.1'
    'SERVER_SOFTWARE' => 'nginx/1.8.0'
    'REMOTE_ADDR' => '192.168.200.1'
    'REMOTE_PORT' => '64731'
    'SERVER_ADDR' => '192.168.200.128'
    'SERVER_PORT' => '80'
    'SERVER_NAME' => 'social.open.com'
    'REDIRECT_STATUS' => '200'
    'HTTP_HOST' => 'social.open.com'
    'HTTP_USER_AGENT' => 'Mozilla/5.0 (Windows NT 6.1; WOW64; rv:39.0) Gecko/20100101 Firefox/39.0'
    'HTTP_ACCEPT' => 'text/html,application/xhtml+xml,application/xml;q=0.9,*/*;q=0.8'
    'HTTP_ACCEPT_LANGUAGE' => 'zh-CN,zh;q=0.8,en-US;q=0.5,en;q=0.3'
    'HTTP_ACCEPT_ENCODING' => 'gzip, deflate'
    'HTTP_CONNECTION' => 'keep-alive'
    'HTTP_CACHE_CONTROL' => 'max-age=0'
    'PHP_SELF' => '/back.php'
    'REQUEST_TIME_FLOAT' => 1438069271.2586
    'REQUEST_TIME' => 1438069271
    'argv' => []
    'argc' => 0
]
2015-07-28 07:41:34 [192.168.200.1][-][-][error][yii\base\ErrorException:1] exception 'yii\base\ErrorException' with message 'Call to undefined function openssl_pkey_new()' in /home/web_root/social-open/back/models/libs/Tools.php:8
Stack trace:
#0 [internal function]: yii\base\ErrorHandler->handleFatalError()
#1 {main}
2015-07-28 07:41:33 [192.168.200.1][-][-][info][application] $_SERVER = [
    'MALLOC_CHECK_' => '2'
    'MACHTYPE' => ''
    'OSTYPE' => ''
    'TEMP' => '/tmp'
    'TMPDIR' => '/tmp'
    'TMP' => '/tmp'
    'PATH' => '/usr/local/bin:/usr/bin:/bin'
    'HOSTNAME' => ''
    'USER' => 'nobody'
    'HOME' => '/'
    'FCGI_ROLE' => 'RESPONDER'
    'SCRIPT_FILENAME' => '/home/web_root/social-open/web//back.php'
    'QUERY_STRING' => ''
    'REQUEST_METHOD' => 'GET'
    'CONTENT_TYPE' => ''
    'CONTENT_LENGTH' => ''
    'SCRIPT_NAME' => '/back.php'
    'REQUEST_URI' => '/back.php'
    'DOCUMENT_URI' => '/back.php'
    'DOCUMENT_ROOT' => '/home/web_root/social-open/web'
    'SERVER_PROTOCOL' => 'HTTP/1.1'
    'GATEWAY_INTERFACE' => 'CGI/1.1'
    'SERVER_SOFTWARE' => 'nginx/1.8.0'
    'REMOTE_ADDR' => '192.168.200.1'
    'REMOTE_PORT' => '64731'
    'SERVER_ADDR' => '192.168.200.128'
    'SERVER_PORT' => '80'
    'SERVER_NAME' => 'social.open.com'
    'REDIRECT_STATUS' => '200'
    'HTTP_HOST' => 'social.open.com'
    'HTTP_USER_AGENT' => 'Mozilla/5.0 (Windows NT 6.1; WOW64; rv:39.0) Gecko/20100101 Firefox/39.0'
    'HTTP_ACCEPT' => 'text/html,application/xhtml+xml,application/xml;q=0.9,*/*;q=0.8'
    'HTTP_ACCEPT_LANGUAGE' => 'zh-CN,zh;q=0.8,en-US;q=0.5,en;q=0.3'
    'HTTP_ACCEPT_ENCODING' => 'gzip, deflate'
    'HTTP_CONNECTION' => 'keep-alive'
    'HTTP_CACHE_CONTROL' => 'max-age=0'
    'PHP_SELF' => '/back.php'
    'REQUEST_TIME_FLOAT' => 1438069293.6402
    'REQUEST_TIME' => 1438069293
    'argv' => []
    'argc' => 0
]
2015-07-28 07:55:49 [192.168.200.1][-][-][error][yii\base\ErrorException:1] exception 'yii\base\ErrorException' with message 'Call to undefined function openssl_pkey_new()' in /home/web_root/social-open/back/models/libs/Tools.php:8
Stack trace:
#0 [internal function]: yii\base\ErrorHandler->handleFatalError()
#1 {main}
2015-07-28 07:55:49 [192.168.200.1][-][-][info][application] $_SERVER = [
    'MALLOC_CHECK_' => '2'
    'MACHTYPE' => ''
    'OSTYPE' => ''
    'TEMP' => '/tmp'
    'TMPDIR' => '/tmp'
    'TMP' => '/tmp'
    'PATH' => '/usr/local/bin:/usr/bin:/bin'
    'HOSTNAME' => ''
    'USER' => 'nobody'
    'HOME' => '/'
    'FCGI_ROLE' => 'RESPONDER'
    'SCRIPT_FILENAME' => '/home/web_root/social-open/web//back.php'
    'QUERY_STRING' => ''
    'REQUEST_METHOD' => 'GET'
    'CONTENT_TYPE' => ''
    'CONTENT_LENGTH' => ''
    'SCRIPT_NAME' => '/back.php'
    'REQUEST_URI' => '/back.php'
    'DOCUMENT_URI' => '/back.php'
    'DOCUMENT_ROOT' => '/home/web_root/social-open/web'
    'SERVER_PROTOCOL' => 'HTTP/1.1'
    'GATEWAY_INTERFACE' => 'CGI/1.1'
    'SERVER_SOFTWARE' => 'nginx/1.8.0'
    'REMOTE_ADDR' => '192.168.200.1'
    'REMOTE_PORT' => '65303'
    'SERVER_ADDR' => '192.168.200.128'
    'SERVER_PORT' => '80'
    'SERVER_NAME' => 'social.open.com'
    'REDIRECT_STATUS' => '200'
    'HTTP_HOST' => 'social.open.com'
    'HTTP_USER_AGENT' => 'Mozilla/5.0 (Windows NT 6.1; WOW64; rv:39.0) Gecko/20100101 Firefox/39.0'
    'HTTP_ACCEPT' => 'text/html,application/xhtml+xml,application/xml;q=0.9,*/*;q=0.8'
    'HTTP_ACCEPT_LANGUAGE' => 'zh-CN,zh;q=0.8,en-US;q=0.5,en;q=0.3'
    'HTTP_ACCEPT_ENCODING' => 'gzip, deflate'
    'HTTP_CONNECTION' => 'keep-alive'
    'HTTP_CACHE_CONTROL' => 'max-age=0'
    'PHP_SELF' => '/back.php'
    'REQUEST_TIME_FLOAT' => 1438070149.6803
    'REQUEST_TIME' => 1438070149
    'argv' => []
    'argc' => 0
]
2015-07-28 07:55:50 [192.168.200.1][-][-][error][yii\base\ErrorException:1] exception 'yii\base\ErrorException' with message 'Call to undefined function openssl_pkey_new()' in /home/web_root/social-open/back/models/libs/Tools.php:8
Stack trace:
#0 [internal function]: yii\base\ErrorHandler->handleFatalError()
#1 {main}
2015-07-28 07:55:50 [192.168.200.1][-][-][info][application] $_SERVER = [
    'MALLOC_CHECK_' => '2'
    'MACHTYPE' => ''
    'OSTYPE' => ''
    'TEMP' => '/tmp'
    'TMPDIR' => '/tmp'
    'TMP' => '/tmp'
    'PATH' => '/usr/local/bin:/usr/bin:/bin'
    'HOSTNAME' => ''
    'USER' => 'nobody'
    'HOME' => '/'
    'FCGI_ROLE' => 'RESPONDER'
    'SCRIPT_FILENAME' => '/home/web_root/social-open/web//back.php'
    'QUERY_STRING' => ''
    'REQUEST_METHOD' => 'GET'
    'CONTENT_TYPE' => ''
    'CONTENT_LENGTH' => ''
    'SCRIPT_NAME' => '/back.php'
    'REQUEST_URI' => '/back.php'
    'DOCUMENT_URI' => '/back.php'
    'DOCUMENT_ROOT' => '/home/web_root/social-open/web'
    'SERVER_PROTOCOL' => 'HTTP/1.1'
    'GATEWAY_INTERFACE' => 'CGI/1.1'
    'SERVER_SOFTWARE' => 'nginx/1.8.0'
    'REMOTE_ADDR' => '192.168.200.1'
    'REMOTE_PORT' => '65303'
    'SERVER_ADDR' => '192.168.200.128'
    'SERVER_PORT' => '80'
    'SERVER_NAME' => 'social.open.com'
    'REDIRECT_STATUS' => '200'
    'HTTP_HOST' => 'social.open.com'
    'HTTP_USER_AGENT' => 'Mozilla/5.0 (Windows NT 6.1; WOW64; rv:39.0) Gecko/20100101 Firefox/39.0'
    'HTTP_ACCEPT' => 'text/html,application/xhtml+xml,application/xml;q=0.9,*/*;q=0.8'
    'HTTP_ACCEPT_LANGUAGE' => 'zh-CN,zh;q=0.8,en-US;q=0.5,en;q=0.3'
    'HTTP_ACCEPT_ENCODING' => 'gzip, deflate'
    'HTTP_CONNECTION' => 'keep-alive'
    'HTTP_CACHE_CONTROL' => 'max-age=0'
    'PHP_SELF' => '/back.php'
    'REQUEST_TIME_FLOAT' => 1438070150.1963
    'REQUEST_TIME' => 1438070150
    'argv' => []
    'argc' => 0
]
2015-07-28 07:55:50 [192.168.200.1][-][-][error][yii\base\ErrorException:1] exception 'yii\base\ErrorException' with message 'Call to undefined function openssl_pkey_new()' in /home/web_root/social-open/back/models/libs/Tools.php:8
Stack trace:
#0 [internal function]: yii\base\ErrorHandler->handleFatalError()
#1 {main}
2015-07-28 07:55:50 [192.168.200.1][-][-][info][application] $_SERVER = [
    'MALLOC_CHECK_' => '2'
    'MACHTYPE' => ''
    'OSTYPE' => ''
    'TEMP' => '/tmp'
    'TMPDIR' => '/tmp'
    'TMP' => '/tmp'
    'PATH' => '/usr/local/bin:/usr/bin:/bin'
    'HOSTNAME' => ''
    'USER' => 'nobody'
    'HOME' => '/'
    'FCGI_ROLE' => 'RESPONDER'
    'SCRIPT_FILENAME' => '/home/web_root/social-open/web//back.php'
    'QUERY_STRING' => ''
    'REQUEST_METHOD' => 'GET'
    'CONTENT_TYPE' => ''
    'CONTENT_LENGTH' => ''
    'SCRIPT_NAME' => '/back.php'
    'REQUEST_URI' => '/back.php'
    'DOCUMENT_URI' => '/back.php'
    'DOCUMENT_ROOT' => '/home/web_root/social-open/web'
    'SERVER_PROTOCOL' => 'HTTP/1.1'
    'GATEWAY_INTERFACE' => 'CGI/1.1'
    'SERVER_SOFTWARE' => 'nginx/1.8.0'
    'REMOTE_ADDR' => '192.168.200.1'
    'REMOTE_PORT' => '65303'
    'SERVER_ADDR' => '192.168.200.128'
    'SERVER_PORT' => '80'
    'SERVER_NAME' => 'social.open.com'
    'REDIRECT_STATUS' => '200'
    'HTTP_HOST' => 'social.open.com'
    'HTTP_USER_AGENT' => 'Mozilla/5.0 (Windows NT 6.1; WOW64; rv:39.0) Gecko/20100101 Firefox/39.0'
    'HTTP_ACCEPT' => 'text/html,application/xhtml+xml,application/xml;q=0.9,*/*;q=0.8'
    'HTTP_ACCEPT_LANGUAGE' => 'zh-CN,zh;q=0.8,en-US;q=0.5,en;q=0.3'
    'HTTP_ACCEPT_ENCODING' => 'gzip, deflate'
    'HTTP_CONNECTION' => 'keep-alive'
    'HTTP_CACHE_CONTROL' => 'max-age=0'
    'PHP_SELF' => '/back.php'
    'REQUEST_TIME_FLOAT' => 1438070150.3595
    'REQUEST_TIME' => 1438070150
    'argv' => []
    'argc' => 0
]
2015-07-28 07:55:50 [192.168.200.1][-][-][error][yii\base\ErrorException:1] exception 'yii\base\ErrorException' with message 'Call to undefined function openssl_pkey_new()' in /home/web_root/social-open/back/models/libs/Tools.php:8
Stack trace:
#0 [internal function]: yii\base\ErrorHandler->handleFatalError()
#1 {main}
2015-07-28 07:55:50 [192.168.200.1][-][-][info][application] $_SERVER = [
    'MALLOC_CHECK_' => '2'
    'MACHTYPE' => ''
    'OSTYPE' => ''
    'TEMP' => '/tmp'
    'TMPDIR' => '/tmp'
    'TMP' => '/tmp'
    'PATH' => '/usr/local/bin:/usr/bin:/bin'
    'HOSTNAME' => ''
    'USER' => 'nobody'
    'HOME' => '/'
    'FCGI_ROLE' => 'RESPONDER'
    'SCRIPT_FILENAME' => '/home/web_root/social-open/web//back.php'
    'QUERY_STRING' => ''
    'REQUEST_METHOD' => 'GET'
    'CONTENT_TYPE' => ''
    'CONTENT_LENGTH' => ''
    'SCRIPT_NAME' => '/back.php'
    'REQUEST_URI' => '/back.php'
    'DOCUMENT_URI' => '/back.php'
    'DOCUMENT_ROOT' => '/home/web_root/social-open/web'
    'SERVER_PROTOCOL' => 'HTTP/1.1'
    'GATEWAY_INTERFACE' => 'CGI/1.1'
    'SERVER_SOFTWARE' => 'nginx/1.8.0'
    'REMOTE_ADDR' => '192.168.200.1'
    'REMOTE_PORT' => '65303'
    'SERVER_ADDR' => '192.168.200.128'
    'SERVER_PORT' => '80'
    'SERVER_NAME' => 'social.open.com'
    'REDIRECT_STATUS' => '200'
    'HTTP_HOST' => 'social.open.com'
    'HTTP_USER_AGENT' => 'Mozilla/5.0 (Windows NT 6.1; WOW64; rv:39.0) Gecko/20100101 Firefox/39.0'
    'HTTP_ACCEPT' => 'text/html,application/xhtml+xml,application/xml;q=0.9,*/*;q=0.8'
    'HTTP_ACCEPT_LANGUAGE' => 'zh-CN,zh;q=0.8,en-US;q=0.5,en;q=0.3'
    'HTTP_ACCEPT_ENCODING' => 'gzip, deflate'
    'HTTP_CONNECTION' => 'keep-alive'
    'HTTP_CACHE_CONTROL' => 'max-age=0'
    'PHP_SELF' => '/back.php'
    'REQUEST_TIME_FLOAT' => 1438070150.5119
    'REQUEST_TIME' => 1438070150
    'argv' => []
    'argc' => 0
]
2015-07-28 08:25:19 [192.168.200.1][-][-][error][yii\base\ErrorException:2] exception 'yii\base\ErrorException' with message 'fread(): Length parameter must be greater than 0' in /home/web_root/social-open/back/models/libs/Tools.php:11
Stack trace:
#0 [internal function]: yii\base\ErrorHandler->handleError(2, 'fread(): Length...', '/home/web_root/...', 11, Array)
#1 /home/web_root/social-open/back/models/libs/Tools.php(11): fread(Resource id #52, 0)
#2 /home/web_root/social-open/back/controllers/IndexController.php(11): app\models\libs\Tools::get_secret()
#3 [internal function]: app\controllers\IndexController->actionIndex()
#4 /home/web_root/social-open/vendor/yiisoft/yii2/base/InlineAction.php(55): call_user_func_array(Array, Array)
#5 /home/web_root/social-open/vendor/yiisoft/yii2/base/Controller.php(151): yii\base\InlineAction->runWithParams(Array)
#6 /home/web_root/social-open/vendor/yiisoft/yii2/base/Module.php(455): yii\base\Controller->runAction('', Array)
#7 /home/web_root/social-open/vendor/yiisoft/yii2/web/Application.php(84): yii\base\Module->runAction('', Array)
#8 /home/web_root/social-open/vendor/yiisoft/yii2/base/Application.php(375): yii\web\Application->handleRequest(Object(yii\web\Request))
#9 /home/web_root/social-open/web/back.php(16): yii\base\Application->run()
#10 {main}
2015-07-28 08:25:19 [192.168.200.1][-][-][info][application] $_SERVER = [
    'MALLOC_CHECK_' => '2'
    'MACHTYPE' => ''
    'OSTYPE' => ''
    'TEMP' => '/tmp'
    'TMPDIR' => '/tmp'
    'TMP' => '/tmp'
    'PATH' => '/usr/local/bin:/usr/bin:/bin'
    'HOSTNAME' => ''
    'USER' => 'nobody'
    'HOME' => '/'
    'FCGI_ROLE' => 'RESPONDER'
    'SCRIPT_FILENAME' => '/home/web_root/social-open/web//back.php'
    'QUERY_STRING' => ''
    'REQUEST_METHOD' => 'GET'
    'CONTENT_TYPE' => ''
    'CONTENT_LENGTH' => ''
    'SCRIPT_NAME' => '/back.php'
    'REQUEST_URI' => '/back.php'
    'DOCUMENT_URI' => '/back.php'
    'DOCUMENT_ROOT' => '/home/web_root/social-open/web'
    'SERVER_PROTOCOL' => 'HTTP/1.1'
    'GATEWAY_INTERFACE' => 'CGI/1.1'
    'SERVER_SOFTWARE' => 'nginx/1.8.0'
    'REMOTE_ADDR' => '192.168.200.1'
    'REMOTE_PORT' => '50498'
    'SERVER_ADDR' => '192.168.200.128'
    'SERVER_PORT' => '80'
    'SERVER_NAME' => 'social.open.com'
    'REDIRECT_STATUS' => '200'
    'HTTP_HOST' => 'social.open.com'
    'HTTP_USER_AGENT' => 'Mozilla/5.0 (Windows NT 6.1; WOW64; rv:39.0) Gecko/20100101 Firefox/39.0'
    'HTTP_ACCEPT' => 'text/html,application/xhtml+xml,application/xml;q=0.9,*/*;q=0.8'
    'HTTP_ACCEPT_LANGUAGE' => 'zh-CN,zh;q=0.8,en-US;q=0.5,en;q=0.3'
    'HTTP_ACCEPT_ENCODING' => 'gzip, deflate'
    'HTTP_CONNECTION' => 'keep-alive'
    'HTTP_CACHE_CONTROL' => 'max-age=0'
    'PHP_SELF' => '/back.php'
    'REQUEST_TIME_FLOAT' => 1438071919.338
    'REQUEST_TIME' => 1438071919
    'argv' => []
    'argc' => 0
]
2015-07-28 08:37:15 [192.168.200.1][-][-][error][yii\db\Exception] exception 'PDOException' with message 'SQLSTATE[42000]: Syntax error or access violation: 1064 You have an error in your SQL syntax; check the manual that corresponds to your MySQL server version for the right syntax to use near 'key, created_at)
		values ('2', Zmhsb3NCSEpLTU5RVFVXWTAzNTY4ISMq, 1438072635)' at line 1' in /home/web_root/social-open/vendor/yiisoft/yii2/db/Command.php:771
Stack trace:
#0 /home/web_root/social-open/vendor/yiisoft/yii2/db/Command.php(771): PDOStatement->execute()
#1 /home/web_root/social-open/back/models/Secret.php(88): yii\db\Command->execute()
#2 /home/web_root/social-open/back/controllers/ApplyController.php(47): app\models\Secret->save_secret(Array)
#3 [internal function]: app\controllers\ApplyController->actionAgree()
#4 /home/web_root/social-open/vendor/yiisoft/yii2/base/InlineAction.php(55): call_user_func_array(Array, Array)
#5 /home/web_root/social-open/vendor/yiisoft/yii2/base/Controller.php(151): yii\base\InlineAction->runWithParams(Array)
#6 /home/web_root/social-open/vendor/yiisoft/yii2/base/Module.php(455): yii\base\Controller->runAction('agree', Array)
#7 /home/web_root/social-open/vendor/yiisoft/yii2/web/Application.php(84): yii\base\Module->runAction('apply/agree', Array)
#8 /home/web_root/social-open/vendor/yiisoft/yii2/base/Application.php(375): yii\web\Application->handleRequest(Object(yii\web\Request))
#9 /home/web_root/social-open/web/back.php(16): yii\base\Application->run()
#10 {main}

Next exception 'yii\db\Exception' with message 'SQLSTATE[42000]: Syntax error or access violation: 1064 You have an error in your SQL syntax; check the manual that corresponds to your MySQL server version for the right syntax to use near 'key, created_at)
		values ('2', Zmhsb3NCSEpLTU5RVFVXWTAzNTY4ISMq, 1438072635)' at line 1
The SQL being executed was: insert into op_key (apply_id, key, created_at)
		values ('2', Zmhsb3NCSEpLTU5RVFVXWTAzNTY4ISMq, 1438072635)' in /home/web_root/social-open/vendor/yiisoft/yii2/db/Schema.php:595
Stack trace:
#0 /home/web_root/social-open/vendor/yiisoft/yii2/db/Command.php(779): yii\db\Schema->convertException(Object(PDOException), 'insert into op_...')
#1 /home/web_root/social-open/back/models/Secret.php(88): yii\db\Command->execute()
#2 /home/web_root/social-open/back/controllers/ApplyController.php(47): app\models\Secret->save_secret(Array)
#3 [internal function]: app\controllers\ApplyController->actionAgree()
#4 /home/web_root/social-open/vendor/yiisoft/yii2/base/InlineAction.php(55): call_user_func_array(Array, Array)
#5 /home/web_root/social-open/vendor/yiisoft/yii2/base/Controller.php(151): yii\base\InlineAction->runWithParams(Array)
#6 /home/web_root/social-open/vendor/yiisoft/yii2/base/Module.php(455): yii\base\Controller->runAction('agree', Array)
#7 /home/web_root/social-open/vendor/yiisoft/yii2/web/Application.php(84): yii\base\Module->runAction('apply/agree', Array)
#8 /home/web_root/social-open/vendor/yiisoft/yii2/base/Application.php(375): yii\web\Application->handleRequest(Object(yii\web\Request))
#9 /home/web_root/social-open/web/back.php(16): yii\base\Application->run()
#10 {main}
Additional Information:
Array
(
    [0] => 42000
    [1] => 1064
    [2] => You have an error in your SQL syntax; check the manual that corresponds to your MySQL server version for the right syntax to use near 'key, created_at)
		values ('2', Zmhsb3NCSEpLTU5RVFVXWTAzNTY4ISMq, 1438072635)' at line 1
)

2015-07-28 08:37:14 [192.168.200.1][-][-][info][application] $_GET = [
    'id' => '2'
    'status' => '1'
]

$_SERVER = [
    'MALLOC_CHECK_' => '2'
    'MACHTYPE' => ''
    'OSTYPE' => ''
    'TEMP' => '/tmp'
    'TMPDIR' => '/tmp'
    'TMP' => '/tmp'
    'PATH' => '/usr/local/bin:/usr/bin:/bin'
    'HOSTNAME' => ''
    'USER' => 'nobody'
    'HOME' => '/'
    'FCGI_ROLE' => 'RESPONDER'
    'SCRIPT_FILENAME' => '/home/web_root/social-open/web//back.php'
    'QUERY_STRING' => 'id=2&status=1'
    'REQUEST_METHOD' => 'GET'
    'CONTENT_TYPE' => ''
    'CONTENT_LENGTH' => ''
    'SCRIPT_NAME' => '/back.php'
    'REQUEST_URI' => '/back.php/apply/agree?id=2&status=1'
    'DOCUMENT_URI' => '/back.php'
    'DOCUMENT_ROOT' => '/home/web_root/social-open/web'
    'SERVER_PROTOCOL' => 'HTTP/1.1'
    'GATEWAY_INTERFACE' => 'CGI/1.1'
    'SERVER_SOFTWARE' => 'nginx/1.8.0'
    'REMOTE_ADDR' => '192.168.200.1'
    'REMOTE_PORT' => '50980'
    'SERVER_ADDR' => '192.168.200.128'
    'SERVER_PORT' => '80'
    'SERVER_NAME' => 'social.open.com'
    'REDIRECT_STATUS' => '200'
    'HTTP_HOST' => 'social.open.com'
    'HTTP_USER_AGENT' => 'Mozilla/5.0 (Windows NT 6.1; WOW64; rv:39.0) Gecko/20100101 Firefox/39.0'
    'HTTP_ACCEPT' => 'application/json, text/javascript, */*; q=0.01'
    'HTTP_ACCEPT_LANGUAGE' => 'zh-CN,zh;q=0.8,en-US;q=0.5,en;q=0.3'
    'HTTP_ACCEPT_ENCODING' => 'gzip, deflate'
    'HTTP_X_REQUESTED_WITH' => 'XMLHttpRequest'
    'HTTP_REFERER' => 'http://social.open.com/back.php'
    'HTTP_CONNECTION' => 'keep-alive'
    'PHP_SELF' => '/back.php'
    'REQUEST_TIME_FLOAT' => 1438072634.4921
    'REQUEST_TIME' => 1438072634
    'argv' => [
        0 => 'id=2&status=1'
    ]
    'argc' => 1
]
2015-07-28 08:37:34 [192.168.200.1][-][-][error][yii\db\Exception] exception 'PDOException' with message 'SQLSTATE[42000]: Syntax error or access violation: 1064 You have an error in your SQL syntax; check the manual that corresponds to your MySQL server version for the right syntax to use near 'key, created_at)
		values ('2', YWpsbW5wcXJDSEpMTU9UVlowMjM4IUAj, 1438072654)' at line 1' in /home/web_root/social-open/vendor/yiisoft/yii2/db/Command.php:771
Stack trace:
#0 /home/web_root/social-open/vendor/yiisoft/yii2/db/Command.php(771): PDOStatement->execute()
#1 /home/web_root/social-open/back/models/Secret.php(88): yii\db\Command->execute()
#2 /home/web_root/social-open/back/controllers/ApplyController.php(47): app\models\Secret->save_secret(Array)
#3 [internal function]: app\controllers\ApplyController->actionAgree()
#4 /home/web_root/social-open/vendor/yiisoft/yii2/base/InlineAction.php(55): call_user_func_array(Array, Array)
#5 /home/web_root/social-open/vendor/yiisoft/yii2/base/Controller.php(151): yii\base\InlineAction->runWithParams(Array)
#6 /home/web_root/social-open/vendor/yiisoft/yii2/base/Module.php(455): yii\base\Controller->runAction('agree', Array)
#7 /home/web_root/social-open/vendor/yiisoft/yii2/web/Application.php(84): yii\base\Module->runAction('apply/agree', Array)
#8 /home/web_root/social-open/vendor/yiisoft/yii2/base/Application.php(375): yii\web\Application->handleRequest(Object(yii\web\Request))
#9 /home/web_root/social-open/web/back.php(16): yii\base\Application->run()
#10 {main}

Next exception 'yii\db\Exception' with message 'SQLSTATE[42000]: Syntax error or access violation: 1064 You have an error in your SQL syntax; check the manual that corresponds to your MySQL server version for the right syntax to use near 'key, created_at)
		values ('2', YWpsbW5wcXJDSEpMTU9UVlowMjM4IUAj, 1438072654)' at line 1
The SQL being executed was: insert into op_key (apply_id, key, created_at)
		values ('2', YWpsbW5wcXJDSEpMTU9UVlowMjM4IUAj, 1438072654)' in /home/web_root/social-open/vendor/yiisoft/yii2/db/Schema.php:595
Stack trace:
#0 /home/web_root/social-open/vendor/yiisoft/yii2/db/Command.php(779): yii\db\Schema->convertException(Object(PDOException), 'insert into op_...')
#1 /home/web_root/social-open/back/models/Secret.php(88): yii\db\Command->execute()
#2 /home/web_root/social-open/back/controllers/ApplyController.php(47): app\models\Secret->save_secret(Array)
#3 [internal function]: app\controllers\ApplyController->actionAgree()
#4 /home/web_root/social-open/vendor/yiisoft/yii2/base/InlineAction.php(55): call_user_func_array(Array, Array)
#5 /home/web_root/social-open/vendor/yiisoft/yii2/base/Controller.php(151): yii\base\InlineAction->runWithParams(Array)
#6 /home/web_root/social-open/vendor/yiisoft/yii2/base/Module.php(455): yii\base\Controller->runAction('agree', Array)
#7 /home/web_root/social-open/vendor/yiisoft/yii2/web/Application.php(84): yii\base\Module->runAction('apply/agree', Array)
#8 /home/web_root/social-open/vendor/yiisoft/yii2/base/Application.php(375): yii\web\Application->handleRequest(Object(yii\web\Request))
#9 /home/web_root/social-open/web/back.php(16): yii\base\Application->run()
#10 {main}
Additional Information:
Array
(
    [0] => 42000
    [1] => 1064
    [2] => You have an error in your SQL syntax; check the manual that corresponds to your MySQL server version for the right syntax to use near 'key, created_at)
		values ('2', YWpsbW5wcXJDSEpMTU9UVlowMjM4IUAj, 1438072654)' at line 1
)

2015-07-28 08:37:34 [192.168.200.1][-][-][info][application] $_GET = [
    'id' => '2'
    'status' => '1'
]

$_SERVER = [
    'MALLOC_CHECK_' => '2'
    'MACHTYPE' => ''
    'OSTYPE' => ''
    'TEMP' => '/tmp'
    'TMPDIR' => '/tmp'
    'TMP' => '/tmp'
    'PATH' => '/usr/local/bin:/usr/bin:/bin'
    'HOSTNAME' => ''
    'USER' => 'nobody'
    'HOME' => '/'
    'FCGI_ROLE' => 'RESPONDER'
    'SCRIPT_FILENAME' => '/home/web_root/social-open/web//back.php'
    'QUERY_STRING' => 'id=2&status=1'
    'REQUEST_METHOD' => 'GET'
    'CONTENT_TYPE' => ''
    'CONTENT_LENGTH' => ''
    'SCRIPT_NAME' => '/back.php'
    'REQUEST_URI' => '/back.php/apply/agree?id=2&status=1'
    'DOCUMENT_URI' => '/back.php'
    'DOCUMENT_ROOT' => '/home/web_root/social-open/web'
    'SERVER_PROTOCOL' => 'HTTP/1.1'
    'GATEWAY_INTERFACE' => 'CGI/1.1'
    'SERVER_SOFTWARE' => 'nginx/1.8.0'
    'REMOTE_ADDR' => '192.168.200.1'
    'REMOTE_PORT' => '50980'
    'SERVER_ADDR' => '192.168.200.128'
    'SERVER_PORT' => '80'
    'SERVER_NAME' => 'social.open.com'
    'REDIRECT_STATUS' => '200'
    'HTTP_HOST' => 'social.open.com'
    'HTTP_USER_AGENT' => 'Mozilla/5.0 (Windows NT 6.1; WOW64; rv:39.0) Gecko/20100101 Firefox/39.0'
    'HTTP_ACCEPT' => 'application/json, text/javascript, */*; q=0.01'
    'HTTP_ACCEPT_LANGUAGE' => 'zh-CN,zh;q=0.8,en-US;q=0.5,en;q=0.3'
    'HTTP_ACCEPT_ENCODING' => 'gzip, deflate'
    'HTTP_X_REQUESTED_WITH' => 'XMLHttpRequest'
    'HTTP_REFERER' => 'http://social.open.com/back.php'
    'HTTP_CONNECTION' => 'keep-alive'
    'PHP_SELF' => '/back.php'
    'REQUEST_TIME_FLOAT' => 1438072654.2238
    'REQUEST_TIME' => 1438072654
    'argv' => [
        0 => 'id=2&status=1'
    ]
    'argc' => 1
]
2015-07-28 08:38:02 [192.168.200.1][-][-][error][yii\db\Exception] exception 'PDOException' with message 'SQLSTATE[42000]: Syntax error or access violation: 1064 You have an error in your SQL syntax; check the manual that corresponds to your MySQL server version for the right syntax to use near 'key, created_at)
		values ('2', 'YWJjaGlqcnV4ekNJS0xQUVJUV1oxNTYh', 1438072682)' at line 1' in /home/web_root/social-open/vendor/yiisoft/yii2/db/Command.php:771
Stack trace:
#0 /home/web_root/social-open/vendor/yiisoft/yii2/db/Command.php(771): PDOStatement->execute()
#1 /home/web_root/social-open/back/models/Secret.php(88): yii\db\Command->execute()
#2 /home/web_root/social-open/back/controllers/ApplyController.php(47): app\models\Secret->save_secret(Array)
#3 [internal function]: app\controllers\ApplyController->actionAgree()
#4 /home/web_root/social-open/vendor/yiisoft/yii2/base/InlineAction.php(55): call_user_func_array(Array, Array)
#5 /home/web_root/social-open/vendor/yiisoft/yii2/base/Controller.php(151): yii\base\InlineAction->runWithParams(Array)
#6 /home/web_root/social-open/vendor/yiisoft/yii2/base/Module.php(455): yii\base\Controller->runAction('agree', Array)
#7 /home/web_root/social-open/vendor/yiisoft/yii2/web/Application.php(84): yii\base\Module->runAction('apply/agree', Array)
#8 /home/web_root/social-open/vendor/yiisoft/yii2/base/Application.php(375): yii\web\Application->handleRequest(Object(yii\web\Request))
#9 /home/web_root/social-open/web/back.php(16): yii\base\Application->run()
#10 {main}

Next exception 'yii\db\Exception' with message 'SQLSTATE[42000]: Syntax error or access violation: 1064 You have an error in your SQL syntax; check the manual that corresponds to your MySQL server version for the right syntax to use near 'key, created_at)
		values ('2', 'YWJjaGlqcnV4ekNJS0xQUVJUV1oxNTYh', 1438072682)' at line 1
The SQL being executed was: insert into op_key (apply_id, key, created_at)
		values ('2', 'YWJjaGlqcnV4ekNJS0xQUVJUV1oxNTYh', 1438072682)' in /home/web_root/social-open/vendor/yiisoft/yii2/db/Schema.php:595
Stack trace:
#0 /home/web_root/social-open/vendor/yiisoft/yii2/db/Command.php(779): yii\db\Schema->convertException(Object(PDOException), 'insert into op_...')
#1 /home/web_root/social-open/back/models/Secret.php(88): yii\db\Command->execute()
#2 /home/web_root/social-open/back/controllers/ApplyController.php(47): app\models\Secret->save_secret(Array)
#3 [internal function]: app\controllers\ApplyController->actionAgree()
#4 /home/web_root/social-open/vendor/yiisoft/yii2/base/InlineAction.php(55): call_user_func_array(Array, Array)
#5 /home/web_root/social-open/vendor/yiisoft/yii2/base/Controller.php(151): yii\base\InlineAction->runWithParams(Array)
#6 /home/web_root/social-open/vendor/yiisoft/yii2/base/Module.php(455): yii\base\Controller->runAction('agree', Array)
#7 /home/web_root/social-open/vendor/yiisoft/yii2/web/Application.php(84): yii\base\Module->runAction('apply/agree', Array)
#8 /home/web_root/social-open/vendor/yiisoft/yii2/base/Application.php(375): yii\web\Application->handleRequest(Object(yii\web\Request))
#9 /home/web_root/social-open/web/back.php(16): yii\base\Application->run()
#10 {main}
Additional Information:
Array
(
    [0] => 42000
    [1] => 1064
    [2] => You have an error in your SQL syntax; check the manual that corresponds to your MySQL server version for the right syntax to use near 'key, created_at)
		values ('2', 'YWJjaGlqcnV4ekNJS0xQUVJUV1oxNTYh', 1438072682)' at line 1
)

2015-07-28 08:38:01 [192.168.200.1][-][-][info][application] $_GET = [
    'id' => '2'
    'status' => '1'
]

$_SERVER = [
    'MALLOC_CHECK_' => '2'
    'MACHTYPE' => ''
    'OSTYPE' => ''
    'TEMP' => '/tmp'
    'TMPDIR' => '/tmp'
    'TMP' => '/tmp'
    'PATH' => '/usr/local/bin:/usr/bin:/bin'
    'HOSTNAME' => ''
    'USER' => 'nobody'
    'HOME' => '/'
    'FCGI_ROLE' => 'RESPONDER'
    'SCRIPT_FILENAME' => '/home/web_root/social-open/web//back.php'
    'QUERY_STRING' => 'id=2&status=1'
    'REQUEST_METHOD' => 'GET'
    'CONTENT_TYPE' => ''
    'CONTENT_LENGTH' => ''
    'SCRIPT_NAME' => '/back.php'
    'REQUEST_URI' => '/back.php/apply/agree?id=2&status=1'
    'DOCUMENT_URI' => '/back.php'
    'DOCUMENT_ROOT' => '/home/web_root/social-open/web'
    'SERVER_PROTOCOL' => 'HTTP/1.1'
    'GATEWAY_INTERFACE' => 'CGI/1.1'
    'SERVER_SOFTWARE' => 'nginx/1.8.0'
    'REMOTE_ADDR' => '192.168.200.1'
    'REMOTE_PORT' => '50980'
    'SERVER_ADDR' => '192.168.200.128'
    'SERVER_PORT' => '80'
    'SERVER_NAME' => 'social.open.com'
    'REDIRECT_STATUS' => '200'
    'HTTP_HOST' => 'social.open.com'
    'HTTP_USER_AGENT' => 'Mozilla/5.0 (Windows NT 6.1; WOW64; rv:39.0) Gecko/20100101 Firefox/39.0'
    'HTTP_ACCEPT' => 'application/json, text/javascript, */*; q=0.01'
    'HTTP_ACCEPT_LANGUAGE' => 'zh-CN,zh;q=0.8,en-US;q=0.5,en;q=0.3'
    'HTTP_ACCEPT_ENCODING' => 'gzip, deflate'
    'HTTP_X_REQUESTED_WITH' => 'XMLHttpRequest'
    'HTTP_REFERER' => 'http://social.open.com/back.php'
    'HTTP_CONNECTION' => 'keep-alive'
    'PHP_SELF' => '/back.php'
    'REQUEST_TIME_FLOAT' => 1438072681.0908
    'REQUEST_TIME' => 1438072681
    'argv' => [
        0 => 'id=2&status=1'
    ]
    'argc' => 1
]
2015-07-28 08:39:32 [192.168.200.1][-][-][error][yii\db\Exception] exception 'PDOException' with message 'SQLSTATE[42000]: Syntax error or access violation: 1064 You have an error in your SQL syntax; check the manual that corresponds to your MySQL server version for the right syntax to use near 'key, created_at)
				values ('2', 'YWVpa21ucHR5ekNFRklMUlZXWFlaMUAk', '14380727' at line 1' in /home/web_root/social-open/vendor/yiisoft/yii2/db/Command.php:771
Stack trace:
#0 /home/web_root/social-open/vendor/yiisoft/yii2/db/Command.php(771): PDOStatement->execute()
#1 /home/web_root/social-open/back/models/Secret.php(88): yii\db\Command->execute()
#2 /home/web_root/social-open/back/controllers/ApplyController.php(47): app\models\Secret->save_secret(Array)
#3 [internal function]: app\controllers\ApplyController->actionAgree()
#4 /home/web_root/social-open/vendor/yiisoft/yii2/base/InlineAction.php(55): call_user_func_array(Array, Array)
#5 /home/web_root/social-open/vendor/yiisoft/yii2/base/Controller.php(151): yii\base\InlineAction->runWithParams(Array)
#6 /home/web_root/social-open/vendor/yiisoft/yii2/base/Module.php(455): yii\base\Controller->runAction('agree', Array)
#7 /home/web_root/social-open/vendor/yiisoft/yii2/web/Application.php(84): yii\base\Module->runAction('apply/agree', Array)
#8 /home/web_root/social-open/vendor/yiisoft/yii2/base/Application.php(375): yii\web\Application->handleRequest(Object(yii\web\Request))
#9 /home/web_root/social-open/web/back.php(16): yii\base\Application->run()
#10 {main}

Next exception 'yii\db\Exception' with message 'SQLSTATE[42000]: Syntax error or access violation: 1064 You have an error in your SQL syntax; check the manual that corresponds to your MySQL server version for the right syntax to use near 'key, created_at)
				values ('2', 'YWVpa21ucHR5ekNFRklMUlZXWFlaMUAk', '14380727' at line 1
The SQL being executed was: insert into op_key (apply_id, key, created_at)
				values ('2', 'YWVpa21ucHR5ekNFRklMUlZXWFlaMUAk', '1438072772')' in /home/web_root/social-open/vendor/yiisoft/yii2/db/Schema.php:595
Stack trace:
#0 /home/web_root/social-open/vendor/yiisoft/yii2/db/Command.php(779): yii\db\Schema->convertException(Object(PDOException), 'insert into op_...')
#1 /home/web_root/social-open/back/models/Secret.php(88): yii\db\Command->execute()
#2 /home/web_root/social-open/back/controllers/ApplyController.php(47): app\models\Secret->save_secret(Array)
#3 [internal function]: app\controllers\ApplyController->actionAgree()
#4 /home/web_root/social-open/vendor/yiisoft/yii2/base/InlineAction.php(55): call_user_func_array(Array, Array)
#5 /home/web_root/social-open/vendor/yiisoft/yii2/base/Controller.php(151): yii\base\InlineAction->runWithParams(Array)
#6 /home/web_root/social-open/vendor/yiisoft/yii2/base/Module.php(455): yii\base\Controller->runAction('agree', Array)
#7 /home/web_root/social-open/vendor/yiisoft/yii2/web/Application.php(84): yii\base\Module->runAction('apply/agree', Array)
#8 /home/web_root/social-open/vendor/yiisoft/yii2/base/Application.php(375): yii\web\Application->handleRequest(Object(yii\web\Request))
#9 /home/web_root/social-open/web/back.php(16): yii\base\Application->run()
#10 {main}
Additional Information:
Array
(
    [0] => 42000
    [1] => 1064
    [2] => You have an error in your SQL syntax; check the manual that corresponds to your MySQL server version for the right syntax to use near 'key, created_at)
				values ('2', 'YWVpa21ucHR5ekNFRklMUlZXWFlaMUAk', '14380727' at line 1
)

2015-07-28 08:39:31 [192.168.200.1][-][-][info][application] $_GET = [
    'id' => '2'
    'status' => '1'
]

$_SERVER = [
    'MALLOC_CHECK_' => '2'
    'MACHTYPE' => ''
    'OSTYPE' => ''
    'TEMP' => '/tmp'
    'TMPDIR' => '/tmp'
    'TMP' => '/tmp'
    'PATH' => '/usr/local/bin:/usr/bin:/bin'
    'HOSTNAME' => ''
    'USER' => 'nobody'
    'HOME' => '/'
    'FCGI_ROLE' => 'RESPONDER'
    'SCRIPT_FILENAME' => '/home/web_root/social-open/web//back.php'
    'QUERY_STRING' => 'id=2&status=1'
    'REQUEST_METHOD' => 'GET'
    'CONTENT_TYPE' => ''
    'CONTENT_LENGTH' => ''
    'SCRIPT_NAME' => '/back.php'
    'REQUEST_URI' => '/back.php/apply/agree?id=2&status=1'
    'DOCUMENT_URI' => '/back.php'
    'DOCUMENT_ROOT' => '/home/web_root/social-open/web'
    'SERVER_PROTOCOL' => 'HTTP/1.1'
    'GATEWAY_INTERFACE' => 'CGI/1.1'
    'SERVER_SOFTWARE' => 'nginx/1.8.0'
    'REMOTE_ADDR' => '192.168.200.1'
    'REMOTE_PORT' => '51039'
    'SERVER_ADDR' => '192.168.200.128'
    'SERVER_PORT' => '80'
    'SERVER_NAME' => 'social.open.com'
    'REDIRECT_STATUS' => '200'
    'HTTP_HOST' => 'social.open.com'
    'HTTP_USER_AGENT' => 'Mozilla/5.0 (Windows NT 6.1; WOW64; rv:39.0) Gecko/20100101 Firefox/39.0'
    'HTTP_ACCEPT' => 'application/json, text/javascript, */*; q=0.01'
    'HTTP_ACCEPT_LANGUAGE' => 'zh-CN,zh;q=0.8,en-US;q=0.5,en;q=0.3'
    'HTTP_ACCEPT_ENCODING' => 'gzip, deflate'
    'HTTP_X_REQUESTED_WITH' => 'XMLHttpRequest'
    'HTTP_REFERER' => 'http://social.open.com/back.php'
    'HTTP_CONNECTION' => 'keep-alive'
    'PHP_SELF' => '/back.php'
    'REQUEST_TIME_FLOAT' => 1438072771.9195
    'REQUEST_TIME' => 1438072771
    'argv' => [
        0 => 'id=2&status=1'
    ]
    'argc' => 1
]
